{"level":"error"}
{"level":"error"}
{"error":{"diagnosticText":"\u001b[96msrc/core/pagination.ts\u001b[0m:\u001b[93m3\u001b[0m:\u001b[93m43\u001b[0m - \u001b[91merror\u001b[0m\u001b[90m TS6133: \u001b[0m'res' is declared but its value is never read.\r\n\r\n\u001b[7m3\u001b[0m const pagination: RequestHandler = (_req, res, next) => {\r\n\u001b[7m \u001b[0m \u001b[91m                                          ~~~\u001b[0m\r\n","diagnosticCodes":[6133]},"level":"error","message":"uncaughtException: ⨯ Unable to compile TypeScript:\n\u001b[96msrc/core/pagination.ts\u001b[0m:\u001b[93m3\u001b[0m:\u001b[93m43\u001b[0m - \u001b[91merror\u001b[0m\u001b[90m TS6133: \u001b[0m'res' is declared but its value is never read.\r\n\r\n\u001b[7m3\u001b[0m const pagination: RequestHandler = (_req, res, next) => {\r\n\u001b[7m \u001b[0m \u001b[91m                                          ~~~\u001b[0m\r\n\nTSError: ⨯ Unable to compile TypeScript:\n\u001b[96msrc/core/pagination.ts\u001b[0m:\u001b[93m3\u001b[0m:\u001b[93m43\u001b[0m - \u001b[91merror\u001b[0m\u001b[90m TS6133: \u001b[0m'res' is declared but its value is never read.\r\n\r\n\u001b[7m3\u001b[0m const pagination: RequestHandler = (_req, res, next) => {\r\n\u001b[7m \u001b[0m \u001b[91m                                          ~~~\u001b[0m\r\n\n    at createTSError (C:\\Users\\James\\repos\\wfd\\api\\node_modules\\ts-node\\src\\index.ts:500:12)\n    at reportTSError (C:\\Users\\James\\repos\\wfd\\api\\node_modules\\ts-node\\src\\index.ts:504:19)\n    at getOutput (C:\\Users\\James\\repos\\wfd\\api\\node_modules\\ts-node\\src\\index.ts:739:36)\n    at Object.compile (C:\\Users\\James\\repos\\wfd\\api\\node_modules\\ts-node\\src\\index.ts:955:32)\n    at Module.m._compile (C:\\Users\\James\\repos\\wfd\\api\\node_modules\\ts-node\\src\\index.ts:1043:43)\n    at Module._extensions..js (internal/modules/cjs/loader.js:995:10)\n    at Object.require.extensions.<computed> [as .ts] (C:\\Users\\James\\repos\\wfd\\api\\node_modules\\ts-node\\src\\index.ts:1046:12)\n    at Module.load (internal/modules/cjs/loader.js:815:32)\n    at Function.Module._load (internal/modules/cjs/loader.js:727:14)\n    at Module.require (internal/modules/cjs/loader.js:852:19)\n    at require (internal/modules/cjs/helpers.js:74:18)\n    at Object.<anonymous> (C:\\Users\\James\\repos\\wfd\\api\\src\\core\\app.ts:7:1)\n    at Module._compile (internal/modules/cjs/loader.js:959:30)\n    at Module.m._compile (C:\\Users\\James\\repos\\wfd\\api\\node_modules\\ts-node\\src\\index.ts:1043:23)\n    at Module._extensions..js (internal/modules/cjs/loader.js:995:10)\n    at Object.require.extensions.<computed> [as .ts] (C:\\Users\\James\\repos\\wfd\\api\\node_modules\\ts-node\\src\\index.ts:1046:12)","stack":"TSError: ⨯ Unable to compile TypeScript:\n\u001b[96msrc/core/pagination.ts\u001b[0m:\u001b[93m3\u001b[0m:\u001b[93m43\u001b[0m - \u001b[91merror\u001b[0m\u001b[90m TS6133: \u001b[0m'res' is declared but its value is never read.\r\n\r\n\u001b[7m3\u001b[0m const pagination: RequestHandler = (_req, res, next) => {\r\n\u001b[7m \u001b[0m \u001b[91m                                          ~~~\u001b[0m\r\n\n    at createTSError (C:\\Users\\James\\repos\\wfd\\api\\node_modules\\ts-node\\src\\index.ts:500:12)\n    at reportTSError (C:\\Users\\James\\repos\\wfd\\api\\node_modules\\ts-node\\src\\index.ts:504:19)\n    at getOutput (C:\\Users\\James\\repos\\wfd\\api\\node_modules\\ts-node\\src\\index.ts:739:36)\n    at Object.compile (C:\\Users\\James\\repos\\wfd\\api\\node_modules\\ts-node\\src\\index.ts:955:32)\n    at Module.m._compile (C:\\Users\\James\\repos\\wfd\\api\\node_modules\\ts-node\\src\\index.ts:1043:43)\n    at Module._extensions..js (internal/modules/cjs/loader.js:995:10)\n    at Object.require.extensions.<computed> [as .ts] (C:\\Users\\James\\repos\\wfd\\api\\node_modules\\ts-node\\src\\index.ts:1046:12)\n    at Module.load (internal/modules/cjs/loader.js:815:32)\n    at Function.Module._load (internal/modules/cjs/loader.js:727:14)\n    at Module.require (internal/modules/cjs/loader.js:852:19)\n    at require (internal/modules/cjs/helpers.js:74:18)\n    at Object.<anonymous> (C:\\Users\\James\\repos\\wfd\\api\\src\\core\\app.ts:7:1)\n    at Module._compile (internal/modules/cjs/loader.js:959:30)\n    at Module.m._compile (C:\\Users\\James\\repos\\wfd\\api\\node_modules\\ts-node\\src\\index.ts:1043:23)\n    at Module._extensions..js (internal/modules/cjs/loader.js:995:10)\n    at Object.require.extensions.<computed> [as .ts] (C:\\Users\\James\\repos\\wfd\\api\\node_modules\\ts-node\\src\\index.ts:1046:12)","exception":true,"date":"Wed Nov 04 2020 19:58:52 GMT+1000 (Australian Eastern Standard Time)","process":{"pid":9740,"uid":null,"gid":null,"cwd":"C:\\Users\\James\\repos\\wfd\\api","execPath":"C:\\Program Files\\nodejs\\node.exe","version":"v12.14.0","argv":["C:\\Users\\James\\repos\\wfd\\api\\node_modules\\ts-node\\dist\\bin.js","C:\\Users\\James\\repos\\wfd\\api\\src\\index.ts"],"memoryUsage":{"rss":186892288,"heapTotal":157831168,"heapUsed":135420440,"external":21115125}},"os":{"loadavg":[0,0,0],"uptime":131671},"trace":[{"column":12,"file":"C:\\Users\\James\\repos\\wfd\\api\\node_modules\\ts-node\\src\\index.ts","function":"createTSError","line":500,"method":null,"native":false},{"column":19,"file":"C:\\Users\\James\\repos\\wfd\\api\\node_modules\\ts-node\\src\\index.ts","function":"reportTSError","line":504,"method":null,"native":false},{"column":36,"file":"C:\\Users\\James\\repos\\wfd\\api\\node_modules\\ts-node\\src\\index.ts","function":"getOutput","line":739,"method":null,"native":false},{"column":32,"file":"C:\\Users\\James\\repos\\wfd\\api\\node_modules\\ts-node\\src\\index.ts","function":"Object.compile","line":955,"method":"compile","native":false},{"column":43,"file":"C:\\Users\\James\\repos\\wfd\\api\\node_modules\\ts-node\\src\\index.ts","function":"Module.m._compile","line":1043,"method":"_compile","native":false},{"column":10,"file":"internal/modules/cjs/loader.js","function":"Module._extensions..js","line":995,"method":".js","native":false},{"column":12,"file":"C:\\Users\\James\\repos\\wfd\\api\\node_modules\\ts-node\\src\\index.ts","function":"Object.require.extensions.<computed> [as .ts]","line":1046,"method":"ts]","native":false},{"column":32,"file":"internal/modules/cjs/loader.js","function":"Module.load","line":815,"method":"load","native":false},{"column":14,"file":"internal/modules/cjs/loader.js","function":"Module._load","line":727,"method":"_load","native":false},{"column":19,"file":"internal/modules/cjs/loader.js","function":"Module.require","line":852,"method":"require","native":false},{"column":18,"file":"internal/modules/cjs/helpers.js","function":"require","line":74,"method":null,"native":false},{"column":1,"file":"C:\\Users\\James\\repos\\wfd\\api\\src\\core\\app.ts","function":null,"line":7,"method":null,"native":false},{"column":30,"file":"internal/modules/cjs/loader.js","function":"Module._compile","line":959,"method":"_compile","native":false},{"column":23,"file":"C:\\Users\\James\\repos\\wfd\\api\\node_modules\\ts-node\\src\\index.ts","function":"Module.m._compile","line":1043,"method":"_compile","native":false},{"column":10,"file":"internal/modules/cjs/loader.js","function":"Module._extensions..js","line":995,"method":".js","native":false},{"column":12,"file":"C:\\Users\\James\\repos\\wfd\\api\\node_modules\\ts-node\\src\\index.ts","function":"Object.require.extensions.<computed> [as .ts]","line":1046,"method":"ts]","native":false}]}
{"error":{"diagnosticText":"\u001b[96msrc/core/pagination.ts\u001b[0m:\u001b[93m3\u001b[0m:\u001b[93m43\u001b[0m - \u001b[91merror\u001b[0m\u001b[90m TS6133: \u001b[0m'res' is declared but its value is never read.\r\n\r\n\u001b[7m3\u001b[0m const pagination: RequestHandler = (_req, res, next) => {\r\n\u001b[7m \u001b[0m \u001b[91m                                          ~~~\u001b[0m\r\n","diagnosticCodes":[6133]},"level":"error","message":"uncaughtException: ⨯ Unable to compile TypeScript:\n\u001b[96msrc/core/pagination.ts\u001b[0m:\u001b[93m3\u001b[0m:\u001b[93m43\u001b[0m - \u001b[91merror\u001b[0m\u001b[90m TS6133: \u001b[0m'res' is declared but its value is never read.\r\n\r\n\u001b[7m3\u001b[0m const pagination: RequestHandler = (_req, res, next) => {\r\n\u001b[7m \u001b[0m \u001b[91m                                          ~~~\u001b[0m\r\n\nTSError: ⨯ Unable to compile TypeScript:\n\u001b[96msrc/core/pagination.ts\u001b[0m:\u001b[93m3\u001b[0m:\u001b[93m43\u001b[0m - \u001b[91merror\u001b[0m\u001b[90m TS6133: \u001b[0m'res' is declared but its value is never read.\r\n\r\n\u001b[7m3\u001b[0m const pagination: RequestHandler = (_req, res, next) => {\r\n\u001b[7m \u001b[0m \u001b[91m                                          ~~~\u001b[0m\r\n\n    at createTSError (C:\\Users\\James\\repos\\wfd\\api\\node_modules\\ts-node\\src\\index.ts:500:12)\n    at reportTSError (C:\\Users\\James\\repos\\wfd\\api\\node_modules\\ts-node\\src\\index.ts:504:19)\n    at getOutput (C:\\Users\\James\\repos\\wfd\\api\\node_modules\\ts-node\\src\\index.ts:739:36)\n    at Object.compile (C:\\Users\\James\\repos\\wfd\\api\\node_modules\\ts-node\\src\\index.ts:955:32)\n    at Module.m._compile (C:\\Users\\James\\repos\\wfd\\api\\node_modules\\ts-node\\src\\index.ts:1043:43)\n    at Module._extensions..js (internal/modules/cjs/loader.js:995:10)\n    at Object.require.extensions.<computed> [as .ts] (C:\\Users\\James\\repos\\wfd\\api\\node_modules\\ts-node\\src\\index.ts:1046:12)\n    at Module.load (internal/modules/cjs/loader.js:815:32)\n    at Function.Module._load (internal/modules/cjs/loader.js:727:14)\n    at Module.require (internal/modules/cjs/loader.js:852:19)\n    at require (internal/modules/cjs/helpers.js:74:18)\n    at Object.<anonymous> (C:\\Users\\James\\repos\\wfd\\api\\src\\core\\app.ts:7:1)\n    at Module._compile (internal/modules/cjs/loader.js:959:30)\n    at Module.m._compile (C:\\Users\\James\\repos\\wfd\\api\\node_modules\\ts-node\\src\\index.ts:1043:23)\n    at Module._extensions..js (internal/modules/cjs/loader.js:995:10)\n    at Object.require.extensions.<computed> [as .ts] (C:\\Users\\James\\repos\\wfd\\api\\node_modules\\ts-node\\src\\index.ts:1046:12)","stack":"TSError: ⨯ Unable to compile TypeScript:\n\u001b[96msrc/core/pagination.ts\u001b[0m:\u001b[93m3\u001b[0m:\u001b[93m43\u001b[0m - \u001b[91merror\u001b[0m\u001b[90m TS6133: \u001b[0m'res' is declared but its value is never read.\r\n\r\n\u001b[7m3\u001b[0m const pagination: RequestHandler = (_req, res, next) => {\r\n\u001b[7m \u001b[0m \u001b[91m                                          ~~~\u001b[0m\r\n\n    at createTSError (C:\\Users\\James\\repos\\wfd\\api\\node_modules\\ts-node\\src\\index.ts:500:12)\n    at reportTSError (C:\\Users\\James\\repos\\wfd\\api\\node_modules\\ts-node\\src\\index.ts:504:19)\n    at getOutput (C:\\Users\\James\\repos\\wfd\\api\\node_modules\\ts-node\\src\\index.ts:739:36)\n    at Object.compile (C:\\Users\\James\\repos\\wfd\\api\\node_modules\\ts-node\\src\\index.ts:955:32)\n    at Module.m._compile (C:\\Users\\James\\repos\\wfd\\api\\node_modules\\ts-node\\src\\index.ts:1043:43)\n    at Module._extensions..js (internal/modules/cjs/loader.js:995:10)\n    at Object.require.extensions.<computed> [as .ts] (C:\\Users\\James\\repos\\wfd\\api\\node_modules\\ts-node\\src\\index.ts:1046:12)\n    at Module.load (internal/modules/cjs/loader.js:815:32)\n    at Function.Module._load (internal/modules/cjs/loader.js:727:14)\n    at Module.require (internal/modules/cjs/loader.js:852:19)\n    at require (internal/modules/cjs/helpers.js:74:18)\n    at Object.<anonymous> (C:\\Users\\James\\repos\\wfd\\api\\src\\core\\app.ts:7:1)\n    at Module._compile (internal/modules/cjs/loader.js:959:30)\n    at Module.m._compile (C:\\Users\\James\\repos\\wfd\\api\\node_modules\\ts-node\\src\\index.ts:1043:23)\n    at Module._extensions..js (internal/modules/cjs/loader.js:995:10)\n    at Object.require.extensions.<computed> [as .ts] (C:\\Users\\James\\repos\\wfd\\api\\node_modules\\ts-node\\src\\index.ts:1046:12)","exception":true,"date":"Wed Nov 04 2020 19:59:03 GMT+1000 (Australian Eastern Standard Time)","process":{"pid":4964,"uid":null,"gid":null,"cwd":"C:\\Users\\James\\repos\\wfd\\api","execPath":"C:\\Program Files\\nodejs\\node.exe","version":"v12.14.0","argv":["C:\\Users\\James\\repos\\wfd\\api\\node_modules\\ts-node\\dist\\bin.js","C:\\Users\\James\\repos\\wfd\\api\\src\\index.ts"],"memoryUsage":{"rss":186748928,"heapTotal":157831168,"heapUsed":135755344,"external":21115125}},"os":{"loadavg":[0,0,0],"uptime":131682},"trace":[{"column":12,"file":"C:\\Users\\James\\repos\\wfd\\api\\node_modules\\ts-node\\src\\index.ts","function":"createTSError","line":500,"method":null,"native":false},{"column":19,"file":"C:\\Users\\James\\repos\\wfd\\api\\node_modules\\ts-node\\src\\index.ts","function":"reportTSError","line":504,"method":null,"native":false},{"column":36,"file":"C:\\Users\\James\\repos\\wfd\\api\\node_modules\\ts-node\\src\\index.ts","function":"getOutput","line":739,"method":null,"native":false},{"column":32,"file":"C:\\Users\\James\\repos\\wfd\\api\\node_modules\\ts-node\\src\\index.ts","function":"Object.compile","line":955,"method":"compile","native":false},{"column":43,"file":"C:\\Users\\James\\repos\\wfd\\api\\node_modules\\ts-node\\src\\index.ts","function":"Module.m._compile","line":1043,"method":"_compile","native":false},{"column":10,"file":"internal/modules/cjs/loader.js","function":"Module._extensions..js","line":995,"method":".js","native":false},{"column":12,"file":"C:\\Users\\James\\repos\\wfd\\api\\node_modules\\ts-node\\src\\index.ts","function":"Object.require.extensions.<computed> [as .ts]","line":1046,"method":"ts]","native":false},{"column":32,"file":"internal/modules/cjs/loader.js","function":"Module.load","line":815,"method":"load","native":false},{"column":14,"file":"internal/modules/cjs/loader.js","function":"Module._load","line":727,"method":"_load","native":false},{"column":19,"file":"internal/modules/cjs/loader.js","function":"Module.require","line":852,"method":"require","native":false},{"column":18,"file":"internal/modules/cjs/helpers.js","function":"require","line":74,"method":null,"native":false},{"column":1,"file":"C:\\Users\\James\\repos\\wfd\\api\\src\\core\\app.ts","function":null,"line":7,"method":null,"native":false},{"column":30,"file":"internal/modules/cjs/loader.js","function":"Module._compile","line":959,"method":"_compile","native":false},{"column":23,"file":"C:\\Users\\James\\repos\\wfd\\api\\node_modules\\ts-node\\src\\index.ts","function":"Module.m._compile","line":1043,"method":"_compile","native":false},{"column":10,"file":"internal/modules/cjs/loader.js","function":"Module._extensions..js","line":995,"method":".js","native":false},{"column":12,"file":"C:\\Users\\James\\repos\\wfd\\api\\node_modules\\ts-node\\src\\index.ts","function":"Object.require.extensions.<computed> [as .ts]","line":1046,"method":"ts]","native":false}]}
{"error":{"diagnosticText":"\u001b[96msrc/core/pagination.ts\u001b[0m:\u001b[93m10\u001b[0m:\u001b[93m5\u001b[0m - \u001b[91merror\u001b[0m\u001b[90m TS2322: \u001b[0mType '{ page: string | QueryString.ParsedQs | string[] | QueryString.ParsedQs[] | undefined; skip: number; limit: number; }' is not assignable to type '{ skip: number; limit: number; }'.\r\n  Object literal may only specify known properties, and 'page' does not exist in type '{ skip: number; limit: number; }'.\r\n\r\n\u001b[7m10\u001b[0m     page,\r\n\u001b[7m  \u001b[0m \u001b[91m    ~~~~\u001b[0m\r\n","diagnosticCodes":[2322]},"level":"error","message":"uncaughtException: ⨯ Unable to compile TypeScript:\n\u001b[96msrc/core/pagination.ts\u001b[0m:\u001b[93m10\u001b[0m:\u001b[93m5\u001b[0m - \u001b[91merror\u001b[0m\u001b[90m TS2322: \u001b[0mType '{ page: string | QueryString.ParsedQs | string[] | QueryString.ParsedQs[] | undefined; skip: number; limit: number; }' is not assignable to type '{ skip: number; limit: number; }'.\r\n  Object literal may only specify known properties, and 'page' does not exist in type '{ skip: number; limit: number; }'.\r\n\r\n\u001b[7m10\u001b[0m     page,\r\n\u001b[7m  \u001b[0m \u001b[91m    ~~~~\u001b[0m\r\n\nTSError: ⨯ Unable to compile TypeScript:\n\u001b[96msrc/core/pagination.ts\u001b[0m:\u001b[93m10\u001b[0m:\u001b[93m5\u001b[0m - \u001b[91merror\u001b[0m\u001b[90m TS2322: \u001b[0mType '{ page: string | QueryString.ParsedQs | string[] | QueryString.ParsedQs[] | undefined; skip: number; limit: number; }' is not assignable to type '{ skip: number; limit: number; }'.\r\n  Object literal may only specify known properties, and 'page' does not exist in type '{ skip: number; limit: number; }'.\r\n\r\n\u001b[7m10\u001b[0m     page,\r\n\u001b[7m  \u001b[0m \u001b[91m    ~~~~\u001b[0m\r\n\n    at createTSError (C:\\Users\\James\\repos\\wfd\\api\\node_modules\\ts-node\\src\\index.ts:500:12)\n    at reportTSError (C:\\Users\\James\\repos\\wfd\\api\\node_modules\\ts-node\\src\\index.ts:504:19)\n    at getOutput (C:\\Users\\James\\repos\\wfd\\api\\node_modules\\ts-node\\src\\index.ts:739:36)\n    at Object.compile (C:\\Users\\James\\repos\\wfd\\api\\node_modules\\ts-node\\src\\index.ts:955:32)\n    at Module.m._compile (C:\\Users\\James\\repos\\wfd\\api\\node_modules\\ts-node\\src\\index.ts:1043:43)\n    at Module._extensions..js (internal/modules/cjs/loader.js:995:10)\n    at Object.require.extensions.<computed> [as .ts] (C:\\Users\\James\\repos\\wfd\\api\\node_modules\\ts-node\\src\\index.ts:1046:12)\n    at Module.load (internal/modules/cjs/loader.js:815:32)\n    at Function.Module._load (internal/modules/cjs/loader.js:727:14)\n    at Module.require (internal/modules/cjs/loader.js:852:19)\n    at require (internal/modules/cjs/helpers.js:74:18)\n    at Object.<anonymous> (C:\\Users\\James\\repos\\wfd\\api\\src\\core\\app.ts:7:1)\n    at Module._compile (internal/modules/cjs/loader.js:959:30)\n    at Module.m._compile (C:\\Users\\James\\repos\\wfd\\api\\node_modules\\ts-node\\src\\index.ts:1043:23)\n    at Module._extensions..js (internal/modules/cjs/loader.js:995:10)\n    at Object.require.extensions.<computed> [as .ts] (C:\\Users\\James\\repos\\wfd\\api\\node_modules\\ts-node\\src\\index.ts:1046:12)","stack":"TSError: ⨯ Unable to compile TypeScript:\n\u001b[96msrc/core/pagination.ts\u001b[0m:\u001b[93m10\u001b[0m:\u001b[93m5\u001b[0m - \u001b[91merror\u001b[0m\u001b[90m TS2322: \u001b[0mType '{ page: string | QueryString.ParsedQs | string[] | QueryString.ParsedQs[] | undefined; skip: number; limit: number; }' is not assignable to type '{ skip: number; limit: number; }'.\r\n  Object literal may only specify known properties, and 'page' does not exist in type '{ skip: number; limit: number; }'.\r\n\r\n\u001b[7m10\u001b[0m     page,\r\n\u001b[7m  \u001b[0m \u001b[91m    ~~~~\u001b[0m\r\n\n    at createTSError (C:\\Users\\James\\repos\\wfd\\api\\node_modules\\ts-node\\src\\index.ts:500:12)\n    at reportTSError (C:\\Users\\James\\repos\\wfd\\api\\node_modules\\ts-node\\src\\index.ts:504:19)\n    at getOutput (C:\\Users\\James\\repos\\wfd\\api\\node_modules\\ts-node\\src\\index.ts:739:36)\n    at Object.compile (C:\\Users\\James\\repos\\wfd\\api\\node_modules\\ts-node\\src\\index.ts:955:32)\n    at Module.m._compile (C:\\Users\\James\\repos\\wfd\\api\\node_modules\\ts-node\\src\\index.ts:1043:43)\n    at Module._extensions..js (internal/modules/cjs/loader.js:995:10)\n    at Object.require.extensions.<computed> [as .ts] (C:\\Users\\James\\repos\\wfd\\api\\node_modules\\ts-node\\src\\index.ts:1046:12)\n    at Module.load (internal/modules/cjs/loader.js:815:32)\n    at Function.Module._load (internal/modules/cjs/loader.js:727:14)\n    at Module.require (internal/modules/cjs/loader.js:852:19)\n    at require (internal/modules/cjs/helpers.js:74:18)\n    at Object.<anonymous> (C:\\Users\\James\\repos\\wfd\\api\\src\\core\\app.ts:7:1)\n    at Module._compile (internal/modules/cjs/loader.js:959:30)\n    at Module.m._compile (C:\\Users\\James\\repos\\wfd\\api\\node_modules\\ts-node\\src\\index.ts:1043:23)\n    at Module._extensions..js (internal/modules/cjs/loader.js:995:10)\n    at Object.require.extensions.<computed> [as .ts] (C:\\Users\\James\\repos\\wfd\\api\\node_modules\\ts-node\\src\\index.ts:1046:12)","exception":true,"date":"Wed Nov 04 2020 20:04:18 GMT+1000 (Australian Eastern Standard Time)","process":{"pid":4268,"uid":null,"gid":null,"cwd":"C:\\Users\\James\\repos\\wfd\\api","execPath":"C:\\Program Files\\nodejs\\node.exe","version":"v12.14.0","argv":["C:\\Users\\James\\repos\\wfd\\api\\node_modules\\ts-node\\dist\\bin.js","C:\\Users\\James\\repos\\wfd\\api\\src\\index.ts"],"memoryUsage":{"rss":190746624,"heapTotal":162111488,"heapUsed":131405944,"external":20056937}},"os":{"loadavg":[0,0,0],"uptime":131998},"trace":[{"column":12,"file":"C:\\Users\\James\\repos\\wfd\\api\\node_modules\\ts-node\\src\\index.ts","function":"createTSError","line":500,"method":null,"native":false},{"column":19,"file":"C:\\Users\\James\\repos\\wfd\\api\\node_modules\\ts-node\\src\\index.ts","function":"reportTSError","line":504,"method":null,"native":false},{"column":36,"file":"C:\\Users\\James\\repos\\wfd\\api\\node_modules\\ts-node\\src\\index.ts","function":"getOutput","line":739,"method":null,"native":false},{"column":32,"file":"C:\\Users\\James\\repos\\wfd\\api\\node_modules\\ts-node\\src\\index.ts","function":"Object.compile","line":955,"method":"compile","native":false},{"column":43,"file":"C:\\Users\\James\\repos\\wfd\\api\\node_modules\\ts-node\\src\\index.ts","function":"Module.m._compile","line":1043,"method":"_compile","native":false},{"column":10,"file":"internal/modules/cjs/loader.js","function":"Module._extensions..js","line":995,"method":".js","native":false},{"column":12,"file":"C:\\Users\\James\\repos\\wfd\\api\\node_modules\\ts-node\\src\\index.ts","function":"Object.require.extensions.<computed> [as .ts]","line":1046,"method":"ts]","native":false},{"column":32,"file":"internal/modules/cjs/loader.js","function":"Module.load","line":815,"method":"load","native":false},{"column":14,"file":"internal/modules/cjs/loader.js","function":"Module._load","line":727,"method":"_load","native":false},{"column":19,"file":"internal/modules/cjs/loader.js","function":"Module.require","line":852,"method":"require","native":false},{"column":18,"file":"internal/modules/cjs/helpers.js","function":"require","line":74,"method":null,"native":false},{"column":1,"file":"C:\\Users\\James\\repos\\wfd\\api\\src\\core\\app.ts","function":null,"line":7,"method":null,"native":false},{"column":30,"file":"internal/modules/cjs/loader.js","function":"Module._compile","line":959,"method":"_compile","native":false},{"column":23,"file":"C:\\Users\\James\\repos\\wfd\\api\\node_modules\\ts-node\\src\\index.ts","function":"Module.m._compile","line":1043,"method":"_compile","native":false},{"column":10,"file":"internal/modules/cjs/loader.js","function":"Module._extensions..js","line":995,"method":".js","native":false},{"column":12,"file":"C:\\Users\\James\\repos\\wfd\\api\\node_modules\\ts-node\\src\\index.ts","function":"Object.require.extensions.<computed> [as .ts]","line":1046,"method":"ts]","native":false}]}
{"error":{"diagnosticText":"\u001b[96msrc/core/pagination.ts\u001b[0m:\u001b[93m11\u001b[0m:\u001b[93m5\u001b[0m - \u001b[91merror\u001b[0m\u001b[90m TS2322: \u001b[0mType '{ page: number; skip: number; limit: number; }' is not assignable to type '{ skip: number; limit: number; }'.\r\n  Object literal may only specify known properties, and 'page' does not exist in type '{ skip: number; limit: number; }'.\r\n\r\n\u001b[7m11\u001b[0m     page: computedPage,\r\n\u001b[7m  \u001b[0m \u001b[91m    ~~~~~~~~~~~~~~~~~~\u001b[0m\r\n","diagnosticCodes":[2322]},"level":"error","message":"uncaughtException: ⨯ Unable to compile TypeScript:\n\u001b[96msrc/core/pagination.ts\u001b[0m:\u001b[93m11\u001b[0m:\u001b[93m5\u001b[0m - \u001b[91merror\u001b[0m\u001b[90m TS2322: \u001b[0mType '{ page: number; skip: number; limit: number; }' is not assignable to type '{ skip: number; limit: number; }'.\r\n  Object literal may only specify known properties, and 'page' does not exist in type '{ skip: number; limit: number; }'.\r\n\r\n\u001b[7m11\u001b[0m     page: computedPage,\r\n\u001b[7m  \u001b[0m \u001b[91m    ~~~~~~~~~~~~~~~~~~\u001b[0m\r\n\nTSError: ⨯ Unable to compile TypeScript:\n\u001b[96msrc/core/pagination.ts\u001b[0m:\u001b[93m11\u001b[0m:\u001b[93m5\u001b[0m - \u001b[91merror\u001b[0m\u001b[90m TS2322: \u001b[0mType '{ page: number; skip: number; limit: number; }' is not assignable to type '{ skip: number; limit: number; }'.\r\n  Object literal may only specify known properties, and 'page' does not exist in type '{ skip: number; limit: number; }'.\r\n\r\n\u001b[7m11\u001b[0m     page: computedPage,\r\n\u001b[7m  \u001b[0m \u001b[91m    ~~~~~~~~~~~~~~~~~~\u001b[0m\r\n\n    at createTSError (C:\\Users\\James\\repos\\wfd\\api\\node_modules\\ts-node\\src\\index.ts:500:12)\n    at reportTSError (C:\\Users\\James\\repos\\wfd\\api\\node_modules\\ts-node\\src\\index.ts:504:19)\n    at getOutput (C:\\Users\\James\\repos\\wfd\\api\\node_modules\\ts-node\\src\\index.ts:739:36)\n    at Object.compile (C:\\Users\\James\\repos\\wfd\\api\\node_modules\\ts-node\\src\\index.ts:955:32)\n    at Module.m._compile (C:\\Users\\James\\repos\\wfd\\api\\node_modules\\ts-node\\src\\index.ts:1043:43)\n    at Module._extensions..js (internal/modules/cjs/loader.js:995:10)\n    at Object.require.extensions.<computed> [as .ts] (C:\\Users\\James\\repos\\wfd\\api\\node_modules\\ts-node\\src\\index.ts:1046:12)\n    at Module.load (internal/modules/cjs/loader.js:815:32)\n    at Function.Module._load (internal/modules/cjs/loader.js:727:14)\n    at Module.require (internal/modules/cjs/loader.js:852:19)\n    at require (internal/modules/cjs/helpers.js:74:18)\n    at Object.<anonymous> (C:\\Users\\James\\repos\\wfd\\api\\src\\core\\app.ts:7:1)\n    at Module._compile (internal/modules/cjs/loader.js:959:30)\n    at Module.m._compile (C:\\Users\\James\\repos\\wfd\\api\\node_modules\\ts-node\\src\\index.ts:1043:23)\n    at Module._extensions..js (internal/modules/cjs/loader.js:995:10)\n    at Object.require.extensions.<computed> [as .ts] (C:\\Users\\James\\repos\\wfd\\api\\node_modules\\ts-node\\src\\index.ts:1046:12)","stack":"TSError: ⨯ Unable to compile TypeScript:\n\u001b[96msrc/core/pagination.ts\u001b[0m:\u001b[93m11\u001b[0m:\u001b[93m5\u001b[0m - \u001b[91merror\u001b[0m\u001b[90m TS2322: \u001b[0mType '{ page: number; skip: number; limit: number; }' is not assignable to type '{ skip: number; limit: number; }'.\r\n  Object literal may only specify known properties, and 'page' does not exist in type '{ skip: number; limit: number; }'.\r\n\r\n\u001b[7m11\u001b[0m     page: computedPage,\r\n\u001b[7m  \u001b[0m \u001b[91m    ~~~~~~~~~~~~~~~~~~\u001b[0m\r\n\n    at createTSError (C:\\Users\\James\\repos\\wfd\\api\\node_modules\\ts-node\\src\\index.ts:500:12)\n    at reportTSError (C:\\Users\\James\\repos\\wfd\\api\\node_modules\\ts-node\\src\\index.ts:504:19)\n    at getOutput (C:\\Users\\James\\repos\\wfd\\api\\node_modules\\ts-node\\src\\index.ts:739:36)\n    at Object.compile (C:\\Users\\James\\repos\\wfd\\api\\node_modules\\ts-node\\src\\index.ts:955:32)\n    at Module.m._compile (C:\\Users\\James\\repos\\wfd\\api\\node_modules\\ts-node\\src\\index.ts:1043:43)\n    at Module._extensions..js (internal/modules/cjs/loader.js:995:10)\n    at Object.require.extensions.<computed> [as .ts] (C:\\Users\\James\\repos\\wfd\\api\\node_modules\\ts-node\\src\\index.ts:1046:12)\n    at Module.load (internal/modules/cjs/loader.js:815:32)\n    at Function.Module._load (internal/modules/cjs/loader.js:727:14)\n    at Module.require (internal/modules/cjs/loader.js:852:19)\n    at require (internal/modules/cjs/helpers.js:74:18)\n    at Object.<anonymous> (C:\\Users\\James\\repos\\wfd\\api\\src\\core\\app.ts:7:1)\n    at Module._compile (internal/modules/cjs/loader.js:959:30)\n    at Module.m._compile (C:\\Users\\James\\repos\\wfd\\api\\node_modules\\ts-node\\src\\index.ts:1043:23)\n    at Module._extensions..js (internal/modules/cjs/loader.js:995:10)\n    at Object.require.extensions.<computed> [as .ts] (C:\\Users\\James\\repos\\wfd\\api\\node_modules\\ts-node\\src\\index.ts:1046:12)","exception":true,"date":"Wed Nov 04 2020 20:05:25 GMT+1000 (Australian Eastern Standard Time)","process":{"pid":7956,"uid":null,"gid":null,"cwd":"C:\\Users\\James\\repos\\wfd\\api","execPath":"C:\\Program Files\\nodejs\\node.exe","version":"v12.14.0","argv":["C:\\Users\\James\\repos\\wfd\\api\\node_modules\\ts-node\\dist\\bin.js","C:\\Users\\James\\repos\\wfd\\api\\src\\index.ts"],"memoryUsage":{"rss":186900480,"heapTotal":157831168,"heapUsed":136226432,"external":21154872}},"os":{"loadavg":[0,0,0],"uptime":132064},"trace":[{"column":12,"file":"C:\\Users\\James\\repos\\wfd\\api\\node_modules\\ts-node\\src\\index.ts","function":"createTSError","line":500,"method":null,"native":false},{"column":19,"file":"C:\\Users\\James\\repos\\wfd\\api\\node_modules\\ts-node\\src\\index.ts","function":"reportTSError","line":504,"method":null,"native":false},{"column":36,"file":"C:\\Users\\James\\repos\\wfd\\api\\node_modules\\ts-node\\src\\index.ts","function":"getOutput","line":739,"method":null,"native":false},{"column":32,"file":"C:\\Users\\James\\repos\\wfd\\api\\node_modules\\ts-node\\src\\index.ts","function":"Object.compile","line":955,"method":"compile","native":false},{"column":43,"file":"C:\\Users\\James\\repos\\wfd\\api\\node_modules\\ts-node\\src\\index.ts","function":"Module.m._compile","line":1043,"method":"_compile","native":false},{"column":10,"file":"internal/modules/cjs/loader.js","function":"Module._extensions..js","line":995,"method":".js","native":false},{"column":12,"file":"C:\\Users\\James\\repos\\wfd\\api\\node_modules\\ts-node\\src\\index.ts","function":"Object.require.extensions.<computed> [as .ts]","line":1046,"method":"ts]","native":false},{"column":32,"file":"internal/modules/cjs/loader.js","function":"Module.load","line":815,"method":"load","native":false},{"column":14,"file":"internal/modules/cjs/loader.js","function":"Module._load","line":727,"method":"_load","native":false},{"column":19,"file":"internal/modules/cjs/loader.js","function":"Module.require","line":852,"method":"require","native":false},{"column":18,"file":"internal/modules/cjs/helpers.js","function":"require","line":74,"method":null,"native":false},{"column":1,"file":"C:\\Users\\James\\repos\\wfd\\api\\src\\core\\app.ts","function":null,"line":7,"method":null,"native":false},{"column":30,"file":"internal/modules/cjs/loader.js","function":"Module._compile","line":959,"method":"_compile","native":false},{"column":23,"file":"C:\\Users\\James\\repos\\wfd\\api\\node_modules\\ts-node\\src\\index.ts","function":"Module.m._compile","line":1043,"method":"_compile","native":false},{"column":10,"file":"internal/modules/cjs/loader.js","function":"Module._extensions..js","line":995,"method":".js","native":false},{"column":12,"file":"C:\\Users\\James\\repos\\wfd\\api\\node_modules\\ts-node\\src\\index.ts","function":"Object.require.extensions.<computed> [as .ts]","line":1046,"method":"ts]","native":false}]}
{"name":"","status":422,"code":"core/unprocessable-entity","errors":{"author":["\"author\" is required"],"public":["\"public\" is required"]},"message":"There was something wrong with your request","level":"error"}
{"name":"","status":422,"code":"core/unprocessable-entity","errors":{"title":["\"title\" is required"],"description":["\"description\" is required"],"author":["\"author\" is required"],"public":["\"public\" is required"]},"message":"There was something wrong with your request","level":"error"}
{"name":"","status":422,"code":"core/unprocessable-entity","errors":{"author":["\"author\" is required"],"public":["\"public\" is required"]},"message":"There was something wrong with your request","level":"error"}
{"errors":{"author":{"name":"ValidatorError","message":"Path `author` is required.","properties":{"message":"Path `author` is required.","type":"required","path":"author"},"kind":"required","path":"author"}},"_message":"Recipe validation failed","level":"error","message":"Recipe validation failed: author: Path `author` is required."}
{"errors":{"author":{"name":"ValidatorError","message":"Path `author` is required.","properties":{"message":"Path `author` is required.","type":"required","path":"author"},"kind":"required","path":"author"}},"_message":"Recipe validation failed","level":"error","message":"Recipe validation failed: author: Path `author` is required."}
{"name":"UnauthorizedError","message":"No authorization token was found","code":"credentials_required","status":401,"inner":{"message":"No authorization token was found"},"level":"error"}
{"error":{"diagnosticText":"\u001b[96msrc/middleware/auth.ts\u001b[0m:\u001b[93m4\u001b[0m:\u001b[93m19\u001b[0m - \u001b[91merror\u001b[0m\u001b[90m TS6133: \u001b[0m'req' is declared but its value is never read.\r\n\r\n\u001b[7m4\u001b[0m const checkJwt = (req, res, next) => {\r\n\u001b[7m \u001b[0m \u001b[91m                  ~~~\u001b[0m\r\n\u001b[96msrc/middleware/auth.ts\u001b[0m:\u001b[93m4\u001b[0m:\u001b[93m19\u001b[0m - \u001b[91merror\u001b[0m\u001b[90m TS7006: \u001b[0mParameter 'req' implicitly has an 'any' type.\r\n\r\n\u001b[7m4\u001b[0m const checkJwt = (req, res, next) => {\r\n\u001b[7m \u001b[0m \u001b[91m                  ~~~\u001b[0m\r\n\u001b[96msrc/middleware/auth.ts\u001b[0m:\u001b[93m4\u001b[0m:\u001b[93m24\u001b[0m - \u001b[91merror\u001b[0m\u001b[90m TS6133: \u001b[0m'res' is declared but its value is never read.\r\n\r\n\u001b[7m4\u001b[0m const checkJwt = (req, res, next) => {\r\n\u001b[7m \u001b[0m \u001b[91m                       ~~~\u001b[0m\r\n\u001b[96msrc/middleware/auth.ts\u001b[0m:\u001b[93m4\u001b[0m:\u001b[93m24\u001b[0m - \u001b[91merror\u001b[0m\u001b[90m TS7006: \u001b[0mParameter 'res' implicitly has an 'any' type.\r\n\r\n\u001b[7m4\u001b[0m const checkJwt = (req, res, next) => {\r\n\u001b[7m \u001b[0m \u001b[91m                       ~~~\u001b[0m\r\n\u001b[96msrc/middleware/auth.ts\u001b[0m:\u001b[93m4\u001b[0m:\u001b[93m29\u001b[0m - \u001b[91merror\u001b[0m\u001b[90m TS6133: \u001b[0m'next' is declared but its value is never read.\r\n\r\n\u001b[7m4\u001b[0m const checkJwt = (req, res, next) => {\r\n\u001b[7m \u001b[0m \u001b[91m                            ~~~~\u001b[0m\r\n\u001b[96msrc/middleware/auth.ts\u001b[0m:\u001b[93m4\u001b[0m:\u001b[93m29\u001b[0m - \u001b[91merror\u001b[0m\u001b[90m TS7006: \u001b[0mParameter 'next' implicitly has an 'any' type.\r\n\r\n\u001b[7m4\u001b[0m const checkJwt = (req, res, next) => {\r\n\u001b[7m \u001b[0m \u001b[91m                            ~~~~\u001b[0m\r\n","diagnosticCodes":[6133,7006,6133,7006,6133,7006]},"level":"error","message":"uncaughtException: ⨯ Unable to compile TypeScript:\n\u001b[96msrc/middleware/auth.ts\u001b[0m:\u001b[93m4\u001b[0m:\u001b[93m19\u001b[0m - \u001b[91merror\u001b[0m\u001b[90m TS6133: \u001b[0m'req' is declared but its value is never read.\r\n\r\n\u001b[7m4\u001b[0m const checkJwt = (req, res, next) => {\r\n\u001b[7m \u001b[0m \u001b[91m                  ~~~\u001b[0m\r\n\u001b[96msrc/middleware/auth.ts\u001b[0m:\u001b[93m4\u001b[0m:\u001b[93m19\u001b[0m - \u001b[91merror\u001b[0m\u001b[90m TS7006: \u001b[0mParameter 'req' implicitly has an 'any' type.\r\n\r\n\u001b[7m4\u001b[0m const checkJwt = (req, res, next) => {\r\n\u001b[7m \u001b[0m \u001b[91m                  ~~~\u001b[0m\r\n\u001b[96msrc/middleware/auth.ts\u001b[0m:\u001b[93m4\u001b[0m:\u001b[93m24\u001b[0m - \u001b[91merror\u001b[0m\u001b[90m TS6133: \u001b[0m'res' is declared but its value is never read.\r\n\r\n\u001b[7m4\u001b[0m const checkJwt = (req, res, next) => {\r\n\u001b[7m \u001b[0m \u001b[91m                       ~~~\u001b[0m\r\n\u001b[96msrc/middleware/auth.ts\u001b[0m:\u001b[93m4\u001b[0m:\u001b[93m24\u001b[0m - \u001b[91merror\u001b[0m\u001b[90m TS7006: \u001b[0mParameter 'res' implicitly has an 'any' type.\r\n\r\n\u001b[7m4\u001b[0m const checkJwt = (req, res, next) => {\r\n\u001b[7m \u001b[0m \u001b[91m                       ~~~\u001b[0m\r\n\u001b[96msrc/middleware/auth.ts\u001b[0m:\u001b[93m4\u001b[0m:\u001b[93m29\u001b[0m - \u001b[91merror\u001b[0m\u001b[90m TS6133: \u001b[0m'next' is declared but its value is never read.\r\n\r\n\u001b[7m4\u001b[0m const checkJwt = (req, res, next) => {\r\n\u001b[7m \u001b[0m \u001b[91m                            ~~~~\u001b[0m\r\n\u001b[96msrc/middleware/auth.ts\u001b[0m:\u001b[93m4\u001b[0m:\u001b[93m29\u001b[0m - \u001b[91merror\u001b[0m\u001b[90m TS7006: \u001b[0mParameter 'next' implicitly has an 'any' type.\r\n\r\n\u001b[7m4\u001b[0m const checkJwt = (req, res, next) => {\r\n\u001b[7m \u001b[0m \u001b[91m                            ~~~~\u001b[0m\r\n\nTSError: ⨯ Unable to compile TypeScript:\n\u001b[96msrc/middleware/auth.ts\u001b[0m:\u001b[93m4\u001b[0m:\u001b[93m19\u001b[0m - \u001b[91merror\u001b[0m\u001b[90m TS6133: \u001b[0m'req' is declared but its value is never read.\r\n\r\n\u001b[7m4\u001b[0m const checkJwt = (req, res, next) => {\r\n\u001b[7m \u001b[0m \u001b[91m                  ~~~\u001b[0m\r\n\u001b[96msrc/middleware/auth.ts\u001b[0m:\u001b[93m4\u001b[0m:\u001b[93m19\u001b[0m - \u001b[91merror\u001b[0m\u001b[90m TS7006: \u001b[0mParameter 'req' implicitly has an 'any' type.\r\n\r\n\u001b[7m4\u001b[0m const checkJwt = (req, res, next) => {\r\n\u001b[7m \u001b[0m \u001b[91m                  ~~~\u001b[0m\r\n\u001b[96msrc/middleware/auth.ts\u001b[0m:\u001b[93m4\u001b[0m:\u001b[93m24\u001b[0m - \u001b[91merror\u001b[0m\u001b[90m TS6133: \u001b[0m'res' is declared but its value is never read.\r\n\r\n\u001b[7m4\u001b[0m const checkJwt = (req, res, next) => {\r\n\u001b[7m \u001b[0m \u001b[91m                       ~~~\u001b[0m\r\n\u001b[96msrc/middleware/auth.ts\u001b[0m:\u001b[93m4\u001b[0m:\u001b[93m24\u001b[0m - \u001b[91merror\u001b[0m\u001b[90m TS7006: \u001b[0mParameter 'res' implicitly has an 'any' type.\r\n\r\n\u001b[7m4\u001b[0m const checkJwt = (req, res, next) => {\r\n\u001b[7m \u001b[0m \u001b[91m                       ~~~\u001b[0m\r\n\u001b[96msrc/middleware/auth.ts\u001b[0m:\u001b[93m4\u001b[0m:\u001b[93m29\u001b[0m - \u001b[91merror\u001b[0m\u001b[90m TS6133: \u001b[0m'next' is declared but its value is never read.\r\n\r\n\u001b[7m4\u001b[0m const checkJwt = (req, res, next) => {\r\n\u001b[7m \u001b[0m \u001b[91m                            ~~~~\u001b[0m\r\n\u001b[96msrc/middleware/auth.ts\u001b[0m:\u001b[93m4\u001b[0m:\u001b[93m29\u001b[0m - \u001b[91merror\u001b[0m\u001b[90m TS7006: \u001b[0mParameter 'next' implicitly has an 'any' type.\r\n\r\n\u001b[7m4\u001b[0m const checkJwt = (req, res, next) => {\r\n\u001b[7m \u001b[0m \u001b[91m                            ~~~~\u001b[0m\r\n\n    at createTSError (C:\\Users\\James\\repos\\wfd\\api\\node_modules\\ts-node\\src\\index.ts:500:12)\n    at reportTSError (C:\\Users\\James\\repos\\wfd\\api\\node_modules\\ts-node\\src\\index.ts:504:19)\n    at getOutput (C:\\Users\\James\\repos\\wfd\\api\\node_modules\\ts-node\\src\\index.ts:739:36)\n    at Object.compile (C:\\Users\\James\\repos\\wfd\\api\\node_modules\\ts-node\\src\\index.ts:955:32)\n    at Module.m._compile (C:\\Users\\James\\repos\\wfd\\api\\node_modules\\ts-node\\src\\index.ts:1043:43)\n    at Module._extensions..js (internal/modules/cjs/loader.js:995:10)\n    at Object.require.extensions.<computed> [as .ts] (C:\\Users\\James\\repos\\wfd\\api\\node_modules\\ts-node\\src\\index.ts:1046:12)\n    at Module.load (internal/modules/cjs/loader.js:815:32)\n    at Function.Module._load (internal/modules/cjs/loader.js:727:14)\n    at Module.require (internal/modules/cjs/loader.js:852:19)\n    at require (internal/modules/cjs/helpers.js:74:18)\n    at Object.<anonymous> (C:\\Users\\James\\repos\\wfd\\api\\src\\routes\\v1\\recipeRoutes.ts:8:1)\n    at Module._compile (internal/modules/cjs/loader.js:959:30)\n    at Module.m._compile (C:\\Users\\James\\repos\\wfd\\api\\node_modules\\ts-node\\src\\index.ts:1043:23)\n    at Module._extensions..js (internal/modules/cjs/loader.js:995:10)\n    at Object.require.extensions.<computed> [as .ts] (C:\\Users\\James\\repos\\wfd\\api\\node_modules\\ts-node\\src\\index.ts:1046:12)","stack":"TSError: ⨯ Unable to compile TypeScript:\n\u001b[96msrc/middleware/auth.ts\u001b[0m:\u001b[93m4\u001b[0m:\u001b[93m19\u001b[0m - \u001b[91merror\u001b[0m\u001b[90m TS6133: \u001b[0m'req' is declared but its value is never read.\r\n\r\n\u001b[7m4\u001b[0m const checkJwt = (req, res, next) => {\r\n\u001b[7m \u001b[0m \u001b[91m                  ~~~\u001b[0m\r\n\u001b[96msrc/middleware/auth.ts\u001b[0m:\u001b[93m4\u001b[0m:\u001b[93m19\u001b[0m - \u001b[91merror\u001b[0m\u001b[90m TS7006: \u001b[0mParameter 'req' implicitly has an 'any' type.\r\n\r\n\u001b[7m4\u001b[0m const checkJwt = (req, res, next) => {\r\n\u001b[7m \u001b[0m \u001b[91m                  ~~~\u001b[0m\r\n\u001b[96msrc/middleware/auth.ts\u001b[0m:\u001b[93m4\u001b[0m:\u001b[93m24\u001b[0m - \u001b[91merror\u001b[0m\u001b[90m TS6133: \u001b[0m'res' is declared but its value is never read.\r\n\r\n\u001b[7m4\u001b[0m const checkJwt = (req, res, next) => {\r\n\u001b[7m \u001b[0m \u001b[91m                       ~~~\u001b[0m\r\n\u001b[96msrc/middleware/auth.ts\u001b[0m:\u001b[93m4\u001b[0m:\u001b[93m24\u001b[0m - \u001b[91merror\u001b[0m\u001b[90m TS7006: \u001b[0mParameter 'res' implicitly has an 'any' type.\r\n\r\n\u001b[7m4\u001b[0m const checkJwt = (req, res, next) => {\r\n\u001b[7m \u001b[0m \u001b[91m                       ~~~\u001b[0m\r\n\u001b[96msrc/middleware/auth.ts\u001b[0m:\u001b[93m4\u001b[0m:\u001b[93m29\u001b[0m - \u001b[91merror\u001b[0m\u001b[90m TS6133: \u001b[0m'next' is declared but its value is never read.\r\n\r\n\u001b[7m4\u001b[0m const checkJwt = (req, res, next) => {\r\n\u001b[7m \u001b[0m \u001b[91m                            ~~~~\u001b[0m\r\n\u001b[96msrc/middleware/auth.ts\u001b[0m:\u001b[93m4\u001b[0m:\u001b[93m29\u001b[0m - \u001b[91merror\u001b[0m\u001b[90m TS7006: \u001b[0mParameter 'next' implicitly has an 'any' type.\r\n\r\n\u001b[7m4\u001b[0m const checkJwt = (req, res, next) => {\r\n\u001b[7m \u001b[0m \u001b[91m                            ~~~~\u001b[0m\r\n\n    at createTSError (C:\\Users\\James\\repos\\wfd\\api\\node_modules\\ts-node\\src\\index.ts:500:12)\n    at reportTSError (C:\\Users\\James\\repos\\wfd\\api\\node_modules\\ts-node\\src\\index.ts:504:19)\n    at getOutput (C:\\Users\\James\\repos\\wfd\\api\\node_modules\\ts-node\\src\\index.ts:739:36)\n    at Object.compile (C:\\Users\\James\\repos\\wfd\\api\\node_modules\\ts-node\\src\\index.ts:955:32)\n    at Module.m._compile (C:\\Users\\James\\repos\\wfd\\api\\node_modules\\ts-node\\src\\index.ts:1043:43)\n    at Module._extensions..js (internal/modules/cjs/loader.js:995:10)\n    at Object.require.extensions.<computed> [as .ts] (C:\\Users\\James\\repos\\wfd\\api\\node_modules\\ts-node\\src\\index.ts:1046:12)\n    at Module.load (internal/modules/cjs/loader.js:815:32)\n    at Function.Module._load (internal/modules/cjs/loader.js:727:14)\n    at Module.require (internal/modules/cjs/loader.js:852:19)\n    at require (internal/modules/cjs/helpers.js:74:18)\n    at Object.<anonymous> (C:\\Users\\James\\repos\\wfd\\api\\src\\routes\\v1\\recipeRoutes.ts:8:1)\n    at Module._compile (internal/modules/cjs/loader.js:959:30)\n    at Module.m._compile (C:\\Users\\James\\repos\\wfd\\api\\node_modules\\ts-node\\src\\index.ts:1043:23)\n    at Module._extensions..js (internal/modules/cjs/loader.js:995:10)\n    at Object.require.extensions.<computed> [as .ts] (C:\\Users\\James\\repos\\wfd\\api\\node_modules\\ts-node\\src\\index.ts:1046:12)","exception":true,"date":"Tue Nov 24 2020 20:59:35 GMT+1000 (Australian Eastern Standard Time)","process":{"pid":19696,"uid":null,"gid":null,"cwd":"C:\\Users\\James\\repos\\wfd\\api","execPath":"C:\\Program Files\\nodejs\\node.exe","version":"v12.14.0","argv":["C:\\Users\\James\\repos\\wfd\\api\\node_modules\\ts-node\\dist\\bin.js","C:\\Users\\James\\repos\\wfd\\api\\src\\index.ts"],"memoryUsage":{"rss":199356416,"heapTotal":169193472,"heapUsed":138057640,"external":20057193}},"os":{"loadavg":[0,0,0],"uptime":53061},"trace":[{"column":12,"file":"C:\\Users\\James\\repos\\wfd\\api\\node_modules\\ts-node\\src\\index.ts","function":"createTSError","line":500,"method":null,"native":false},{"column":19,"file":"C:\\Users\\James\\repos\\wfd\\api\\node_modules\\ts-node\\src\\index.ts","function":"reportTSError","line":504,"method":null,"native":false},{"column":36,"file":"C:\\Users\\James\\repos\\wfd\\api\\node_modules\\ts-node\\src\\index.ts","function":"getOutput","line":739,"method":null,"native":false},{"column":32,"file":"C:\\Users\\James\\repos\\wfd\\api\\node_modules\\ts-node\\src\\index.ts","function":"Object.compile","line":955,"method":"compile","native":false},{"column":43,"file":"C:\\Users\\James\\repos\\wfd\\api\\node_modules\\ts-node\\src\\index.ts","function":"Module.m._compile","line":1043,"method":"_compile","native":false},{"column":10,"file":"internal/modules/cjs/loader.js","function":"Module._extensions..js","line":995,"method":".js","native":false},{"column":12,"file":"C:\\Users\\James\\repos\\wfd\\api\\node_modules\\ts-node\\src\\index.ts","function":"Object.require.extensions.<computed> [as .ts]","line":1046,"method":"ts]","native":false},{"column":32,"file":"internal/modules/cjs/loader.js","function":"Module.load","line":815,"method":"load","native":false},{"column":14,"file":"internal/modules/cjs/loader.js","function":"Module._load","line":727,"method":"_load","native":false},{"column":19,"file":"internal/modules/cjs/loader.js","function":"Module.require","line":852,"method":"require","native":false},{"column":18,"file":"internal/modules/cjs/helpers.js","function":"require","line":74,"method":null,"native":false},{"column":1,"file":"C:\\Users\\James\\repos\\wfd\\api\\src\\routes\\v1\\recipeRoutes.ts","function":null,"line":8,"method":null,"native":false},{"column":30,"file":"internal/modules/cjs/loader.js","function":"Module._compile","line":959,"method":"_compile","native":false},{"column":23,"file":"C:\\Users\\James\\repos\\wfd\\api\\node_modules\\ts-node\\src\\index.ts","function":"Module.m._compile","line":1043,"method":"_compile","native":false},{"column":10,"file":"internal/modules/cjs/loader.js","function":"Module._extensions..js","line":995,"method":".js","native":false},{"column":12,"file":"C:\\Users\\James\\repos\\wfd\\api\\node_modules\\ts-node\\src\\index.ts","function":"Object.require.extensions.<computed> [as .ts]","line":1046,"method":"ts]","native":false}]}
{"error":{"diagnosticText":"\u001b[96msrc/middleware/auth.ts\u001b[0m:\u001b[93m4\u001b[0m:\u001b[93m19\u001b[0m - \u001b[91merror\u001b[0m\u001b[90m TS2300: \u001b[0mDuplicate identifier '_'.\r\n\r\n\u001b[7m4\u001b[0m const checkJwt = (_, _, next) => {\r\n\u001b[7m \u001b[0m \u001b[91m                  ~\u001b[0m\r\n\u001b[96msrc/middleware/auth.ts\u001b[0m:\u001b[93m4\u001b[0m:\u001b[93m22\u001b[0m - \u001b[91merror\u001b[0m\u001b[90m TS2300: \u001b[0mDuplicate identifier '_'.\r\n\r\n\u001b[7m4\u001b[0m const checkJwt = (_, _, next) => {\r\n\u001b[7m \u001b[0m \u001b[91m                     ~\u001b[0m\r\n\u001b[96msrc/middleware/auth.ts\u001b[0m:\u001b[93m4\u001b[0m:\u001b[93m19\u001b[0m - \u001b[91merror\u001b[0m\u001b[90m TS7006: \u001b[0mParameter '_' implicitly has an 'any' type.\r\n\r\n\u001b[7m4\u001b[0m const checkJwt = (_, _, next) => {\r\n\u001b[7m \u001b[0m \u001b[91m                  ~\u001b[0m\r\n\u001b[96msrc/middleware/auth.ts\u001b[0m:\u001b[93m4\u001b[0m:\u001b[93m22\u001b[0m - \u001b[91merror\u001b[0m\u001b[90m TS7006: \u001b[0mParameter '_' implicitly has an 'any' type.\r\n\r\n\u001b[7m4\u001b[0m const checkJwt = (_, _, next) => {\r\n\u001b[7m \u001b[0m \u001b[91m                     ~\u001b[0m\r\n\u001b[96msrc/middleware/auth.ts\u001b[0m:\u001b[93m4\u001b[0m:\u001b[93m25\u001b[0m - \u001b[91merror\u001b[0m\u001b[90m TS7006: \u001b[0mParameter 'next' implicitly has an 'any' type.\r\n\r\n\u001b[7m4\u001b[0m const checkJwt = (_, _, next) => {\r\n\u001b[7m \u001b[0m \u001b[91m                        ~~~~\u001b[0m\r\n","diagnosticCodes":[2300,2300,7006,7006,7006]},"level":"error","message":"uncaughtException: ⨯ Unable to compile TypeScript:\n\u001b[96msrc/middleware/auth.ts\u001b[0m:\u001b[93m4\u001b[0m:\u001b[93m19\u001b[0m - \u001b[91merror\u001b[0m\u001b[90m TS2300: \u001b[0mDuplicate identifier '_'.\r\n\r\n\u001b[7m4\u001b[0m const checkJwt = (_, _, next) => {\r\n\u001b[7m \u001b[0m \u001b[91m                  ~\u001b[0m\r\n\u001b[96msrc/middleware/auth.ts\u001b[0m:\u001b[93m4\u001b[0m:\u001b[93m22\u001b[0m - \u001b[91merror\u001b[0m\u001b[90m TS2300: \u001b[0mDuplicate identifier '_'.\r\n\r\n\u001b[7m4\u001b[0m const checkJwt = (_, _, next) => {\r\n\u001b[7m \u001b[0m \u001b[91m                     ~\u001b[0m\r\n\u001b[96msrc/middleware/auth.ts\u001b[0m:\u001b[93m4\u001b[0m:\u001b[93m19\u001b[0m - \u001b[91merror\u001b[0m\u001b[90m TS7006: \u001b[0mParameter '_' implicitly has an 'any' type.\r\n\r\n\u001b[7m4\u001b[0m const checkJwt = (_, _, next) => {\r\n\u001b[7m \u001b[0m \u001b[91m                  ~\u001b[0m\r\n\u001b[96msrc/middleware/auth.ts\u001b[0m:\u001b[93m4\u001b[0m:\u001b[93m22\u001b[0m - \u001b[91merror\u001b[0m\u001b[90m TS7006: \u001b[0mParameter '_' implicitly has an 'any' type.\r\n\r\n\u001b[7m4\u001b[0m const checkJwt = (_, _, next) => {\r\n\u001b[7m \u001b[0m \u001b[91m                     ~\u001b[0m\r\n\u001b[96msrc/middleware/auth.ts\u001b[0m:\u001b[93m4\u001b[0m:\u001b[93m25\u001b[0m - \u001b[91merror\u001b[0m\u001b[90m TS7006: \u001b[0mParameter 'next' implicitly has an 'any' type.\r\n\r\n\u001b[7m4\u001b[0m const checkJwt = (_, _, next) => {\r\n\u001b[7m \u001b[0m \u001b[91m                        ~~~~\u001b[0m\r\n\nTSError: ⨯ Unable to compile TypeScript:\n\u001b[96msrc/middleware/auth.ts\u001b[0m:\u001b[93m4\u001b[0m:\u001b[93m19\u001b[0m - \u001b[91merror\u001b[0m\u001b[90m TS2300: \u001b[0mDuplicate identifier '_'.\r\n\r\n\u001b[7m4\u001b[0m const checkJwt = (_, _, next) => {\r\n\u001b[7m \u001b[0m \u001b[91m                  ~\u001b[0m\r\n\u001b[96msrc/middleware/auth.ts\u001b[0m:\u001b[93m4\u001b[0m:\u001b[93m22\u001b[0m - \u001b[91merror\u001b[0m\u001b[90m TS2300: \u001b[0mDuplicate identifier '_'.\r\n\r\n\u001b[7m4\u001b[0m const checkJwt = (_, _, next) => {\r\n\u001b[7m \u001b[0m \u001b[91m                     ~\u001b[0m\r\n\u001b[96msrc/middleware/auth.ts\u001b[0m:\u001b[93m4\u001b[0m:\u001b[93m19\u001b[0m - \u001b[91merror\u001b[0m\u001b[90m TS7006: \u001b[0mParameter '_' implicitly has an 'any' type.\r\n\r\n\u001b[7m4\u001b[0m const checkJwt = (_, _, next) => {\r\n\u001b[7m \u001b[0m \u001b[91m                  ~\u001b[0m\r\n\u001b[96msrc/middleware/auth.ts\u001b[0m:\u001b[93m4\u001b[0m:\u001b[93m22\u001b[0m - \u001b[91merror\u001b[0m\u001b[90m TS7006: \u001b[0mParameter '_' implicitly has an 'any' type.\r\n\r\n\u001b[7m4\u001b[0m const checkJwt = (_, _, next) => {\r\n\u001b[7m \u001b[0m \u001b[91m                     ~\u001b[0m\r\n\u001b[96msrc/middleware/auth.ts\u001b[0m:\u001b[93m4\u001b[0m:\u001b[93m25\u001b[0m - \u001b[91merror\u001b[0m\u001b[90m TS7006: \u001b[0mParameter 'next' implicitly has an 'any' type.\r\n\r\n\u001b[7m4\u001b[0m const checkJwt = (_, _, next) => {\r\n\u001b[7m \u001b[0m \u001b[91m                        ~~~~\u001b[0m\r\n\n    at createTSError (C:\\Users\\James\\repos\\wfd\\api\\node_modules\\ts-node\\src\\index.ts:500:12)\n    at reportTSError (C:\\Users\\James\\repos\\wfd\\api\\node_modules\\ts-node\\src\\index.ts:504:19)\n    at getOutput (C:\\Users\\James\\repos\\wfd\\api\\node_modules\\ts-node\\src\\index.ts:739:36)\n    at Object.compile (C:\\Users\\James\\repos\\wfd\\api\\node_modules\\ts-node\\src\\index.ts:955:32)\n    at Module.m._compile (C:\\Users\\James\\repos\\wfd\\api\\node_modules\\ts-node\\src\\index.ts:1043:43)\n    at Module._extensions..js (internal/modules/cjs/loader.js:995:10)\n    at Object.require.extensions.<computed> [as .ts] (C:\\Users\\James\\repos\\wfd\\api\\node_modules\\ts-node\\src\\index.ts:1046:12)\n    at Module.load (internal/modules/cjs/loader.js:815:32)\n    at Function.Module._load (internal/modules/cjs/loader.js:727:14)\n    at Module.require (internal/modules/cjs/loader.js:852:19)\n    at require (internal/modules/cjs/helpers.js:74:18)\n    at Object.<anonymous> (C:\\Users\\James\\repos\\wfd\\api\\src\\routes\\v1\\recipeRoutes.ts:8:1)\n    at Module._compile (internal/modules/cjs/loader.js:959:30)\n    at Module.m._compile (C:\\Users\\James\\repos\\wfd\\api\\node_modules\\ts-node\\src\\index.ts:1043:23)\n    at Module._extensions..js (internal/modules/cjs/loader.js:995:10)\n    at Object.require.extensions.<computed> [as .ts] (C:\\Users\\James\\repos\\wfd\\api\\node_modules\\ts-node\\src\\index.ts:1046:12)","stack":"TSError: ⨯ Unable to compile TypeScript:\n\u001b[96msrc/middleware/auth.ts\u001b[0m:\u001b[93m4\u001b[0m:\u001b[93m19\u001b[0m - \u001b[91merror\u001b[0m\u001b[90m TS2300: \u001b[0mDuplicate identifier '_'.\r\n\r\n\u001b[7m4\u001b[0m const checkJwt = (_, _, next) => {\r\n\u001b[7m \u001b[0m \u001b[91m                  ~\u001b[0m\r\n\u001b[96msrc/middleware/auth.ts\u001b[0m:\u001b[93m4\u001b[0m:\u001b[93m22\u001b[0m - \u001b[91merror\u001b[0m\u001b[90m TS2300: \u001b[0mDuplicate identifier '_'.\r\n\r\n\u001b[7m4\u001b[0m const checkJwt = (_, _, next) => {\r\n\u001b[7m \u001b[0m \u001b[91m                     ~\u001b[0m\r\n\u001b[96msrc/middleware/auth.ts\u001b[0m:\u001b[93m4\u001b[0m:\u001b[93m19\u001b[0m - \u001b[91merror\u001b[0m\u001b[90m TS7006: \u001b[0mParameter '_' implicitly has an 'any' type.\r\n\r\n\u001b[7m4\u001b[0m const checkJwt = (_, _, next) => {\r\n\u001b[7m \u001b[0m \u001b[91m                  ~\u001b[0m\r\n\u001b[96msrc/middleware/auth.ts\u001b[0m:\u001b[93m4\u001b[0m:\u001b[93m22\u001b[0m - \u001b[91merror\u001b[0m\u001b[90m TS7006: \u001b[0mParameter '_' implicitly has an 'any' type.\r\n\r\n\u001b[7m4\u001b[0m const checkJwt = (_, _, next) => {\r\n\u001b[7m \u001b[0m \u001b[91m                     ~\u001b[0m\r\n\u001b[96msrc/middleware/auth.ts\u001b[0m:\u001b[93m4\u001b[0m:\u001b[93m25\u001b[0m - \u001b[91merror\u001b[0m\u001b[90m TS7006: \u001b[0mParameter 'next' implicitly has an 'any' type.\r\n\r\n\u001b[7m4\u001b[0m const checkJwt = (_, _, next) => {\r\n\u001b[7m \u001b[0m \u001b[91m                        ~~~~\u001b[0m\r\n\n    at createTSError (C:\\Users\\James\\repos\\wfd\\api\\node_modules\\ts-node\\src\\index.ts:500:12)\n    at reportTSError (C:\\Users\\James\\repos\\wfd\\api\\node_modules\\ts-node\\src\\index.ts:504:19)\n    at getOutput (C:\\Users\\James\\repos\\wfd\\api\\node_modules\\ts-node\\src\\index.ts:739:36)\n    at Object.compile (C:\\Users\\James\\repos\\wfd\\api\\node_modules\\ts-node\\src\\index.ts:955:32)\n    at Module.m._compile (C:\\Users\\James\\repos\\wfd\\api\\node_modules\\ts-node\\src\\index.ts:1043:43)\n    at Module._extensions..js (internal/modules/cjs/loader.js:995:10)\n    at Object.require.extensions.<computed> [as .ts] (C:\\Users\\James\\repos\\wfd\\api\\node_modules\\ts-node\\src\\index.ts:1046:12)\n    at Module.load (internal/modules/cjs/loader.js:815:32)\n    at Function.Module._load (internal/modules/cjs/loader.js:727:14)\n    at Module.require (internal/modules/cjs/loader.js:852:19)\n    at require (internal/modules/cjs/helpers.js:74:18)\n    at Object.<anonymous> (C:\\Users\\James\\repos\\wfd\\api\\src\\routes\\v1\\recipeRoutes.ts:8:1)\n    at Module._compile (internal/modules/cjs/loader.js:959:30)\n    at Module.m._compile (C:\\Users\\James\\repos\\wfd\\api\\node_modules\\ts-node\\src\\index.ts:1043:23)\n    at Module._extensions..js (internal/modules/cjs/loader.js:995:10)\n    at Object.require.extensions.<computed> [as .ts] (C:\\Users\\James\\repos\\wfd\\api\\node_modules\\ts-node\\src\\index.ts:1046:12)","exception":true,"date":"Tue Nov 24 2020 21:01:02 GMT+1000 (Australian Eastern Standard Time)","process":{"pid":19924,"uid":null,"gid":null,"cwd":"C:\\Users\\James\\repos\\wfd\\api","execPath":"C:\\Program Files\\nodejs\\node.exe","version":"v12.14.0","argv":["C:\\Users\\James\\repos\\wfd\\api\\node_modules\\ts-node\\dist\\bin.js","C:\\Users\\James\\repos\\wfd\\api\\src\\index.ts"],"memoryUsage":{"rss":199585792,"heapTotal":169193472,"heapUsed":137613344,"external":20057193}},"os":{"loadavg":[0,0,0],"uptime":53149},"trace":[{"column":12,"file":"C:\\Users\\James\\repos\\wfd\\api\\node_modules\\ts-node\\src\\index.ts","function":"createTSError","line":500,"method":null,"native":false},{"column":19,"file":"C:\\Users\\James\\repos\\wfd\\api\\node_modules\\ts-node\\src\\index.ts","function":"reportTSError","line":504,"method":null,"native":false},{"column":36,"file":"C:\\Users\\James\\repos\\wfd\\api\\node_modules\\ts-node\\src\\index.ts","function":"getOutput","line":739,"method":null,"native":false},{"column":32,"file":"C:\\Users\\James\\repos\\wfd\\api\\node_modules\\ts-node\\src\\index.ts","function":"Object.compile","line":955,"method":"compile","native":false},{"column":43,"file":"C:\\Users\\James\\repos\\wfd\\api\\node_modules\\ts-node\\src\\index.ts","function":"Module.m._compile","line":1043,"method":"_compile","native":false},{"column":10,"file":"internal/modules/cjs/loader.js","function":"Module._extensions..js","line":995,"method":".js","native":false},{"column":12,"file":"C:\\Users\\James\\repos\\wfd\\api\\node_modules\\ts-node\\src\\index.ts","function":"Object.require.extensions.<computed> [as .ts]","line":1046,"method":"ts]","native":false},{"column":32,"file":"internal/modules/cjs/loader.js","function":"Module.load","line":815,"method":"load","native":false},{"column":14,"file":"internal/modules/cjs/loader.js","function":"Module._load","line":727,"method":"_load","native":false},{"column":19,"file":"internal/modules/cjs/loader.js","function":"Module.require","line":852,"method":"require","native":false},{"column":18,"file":"internal/modules/cjs/helpers.js","function":"require","line":74,"method":null,"native":false},{"column":1,"file":"C:\\Users\\James\\repos\\wfd\\api\\src\\routes\\v1\\recipeRoutes.ts","function":null,"line":8,"method":null,"native":false},{"column":30,"file":"internal/modules/cjs/loader.js","function":"Module._compile","line":959,"method":"_compile","native":false},{"column":23,"file":"C:\\Users\\James\\repos\\wfd\\api\\node_modules\\ts-node\\src\\index.ts","function":"Module.m._compile","line":1043,"method":"_compile","native":false},{"column":10,"file":"internal/modules/cjs/loader.js","function":"Module._extensions..js","line":995,"method":".js","native":false},{"column":12,"file":"C:\\Users\\James\\repos\\wfd\\api\\node_modules\\ts-node\\src\\index.ts","function":"Object.require.extensions.<computed> [as .ts]","line":1046,"method":"ts]","native":false}]}
{"error":{"diagnosticText":"\u001b[96msrc/core/errorHandler.ts\u001b[0m:\u001b[93m15\u001b[0m:\u001b[93m38\u001b[0m - \u001b[91merror\u001b[0m\u001b[90m TS2304: \u001b[0mCannot find name 'err'.\r\n\r\n\u001b[7m15\u001b[0m     res.status(401).json({ error: `${err.name}: ${err.message}` });\r\n\u001b[7m  \u001b[0m \u001b[91m                                     ~~~\u001b[0m\r\n\u001b[96msrc/core/errorHandler.ts\u001b[0m:\u001b[93m15\u001b[0m:\u001b[93m51\u001b[0m - \u001b[91merror\u001b[0m\u001b[90m TS2304: \u001b[0mCannot find name 'err'.\r\n\r\n\u001b[7m15\u001b[0m     res.status(401).json({ error: `${err.name}: ${err.message}` });\r\n\u001b[7m  \u001b[0m \u001b[91m                                                  ~~~\u001b[0m\r\n","diagnosticCodes":[2304,2304]},"level":"error","message":"uncaughtException: ⨯ Unable to compile TypeScript:\n\u001b[96msrc/core/errorHandler.ts\u001b[0m:\u001b[93m15\u001b[0m:\u001b[93m38\u001b[0m - \u001b[91merror\u001b[0m\u001b[90m TS2304: \u001b[0mCannot find name 'err'.\r\n\r\n\u001b[7m15\u001b[0m     res.status(401).json({ error: `${err.name}: ${err.message}` });\r\n\u001b[7m  \u001b[0m \u001b[91m                                     ~~~\u001b[0m\r\n\u001b[96msrc/core/errorHandler.ts\u001b[0m:\u001b[93m15\u001b[0m:\u001b[93m51\u001b[0m - \u001b[91merror\u001b[0m\u001b[90m TS2304: \u001b[0mCannot find name 'err'.\r\n\r\n\u001b[7m15\u001b[0m     res.status(401).json({ error: `${err.name}: ${err.message}` });\r\n\u001b[7m  \u001b[0m \u001b[91m                                                  ~~~\u001b[0m\r\n\nTSError: ⨯ Unable to compile TypeScript:\n\u001b[96msrc/core/errorHandler.ts\u001b[0m:\u001b[93m15\u001b[0m:\u001b[93m38\u001b[0m - \u001b[91merror\u001b[0m\u001b[90m TS2304: \u001b[0mCannot find name 'err'.\r\n\r\n\u001b[7m15\u001b[0m     res.status(401).json({ error: `${err.name}: ${err.message}` });\r\n\u001b[7m  \u001b[0m \u001b[91m                                     ~~~\u001b[0m\r\n\u001b[96msrc/core/errorHandler.ts\u001b[0m:\u001b[93m15\u001b[0m:\u001b[93m51\u001b[0m - \u001b[91merror\u001b[0m\u001b[90m TS2304: \u001b[0mCannot find name 'err'.\r\n\r\n\u001b[7m15\u001b[0m     res.status(401).json({ error: `${err.name}: ${err.message}` });\r\n\u001b[7m  \u001b[0m \u001b[91m                                                  ~~~\u001b[0m\r\n\n    at createTSError (C:\\Users\\James\\repos\\wfd\\api\\node_modules\\ts-node\\src\\index.ts:500:12)\n    at reportTSError (C:\\Users\\James\\repos\\wfd\\api\\node_modules\\ts-node\\src\\index.ts:504:19)\n    at getOutput (C:\\Users\\James\\repos\\wfd\\api\\node_modules\\ts-node\\src\\index.ts:739:36)\n    at Object.compile (C:\\Users\\James\\repos\\wfd\\api\\node_modules\\ts-node\\src\\index.ts:955:32)\n    at Module.m._compile (C:\\Users\\James\\repos\\wfd\\api\\node_modules\\ts-node\\src\\index.ts:1043:43)\n    at Module._extensions..js (internal/modules/cjs/loader.js:995:10)\n    at Object.require.extensions.<computed> [as .ts] (C:\\Users\\James\\repos\\wfd\\api\\node_modules\\ts-node\\src\\index.ts:1046:12)\n    at Module.load (internal/modules/cjs/loader.js:815:32)\n    at Function.Module._load (internal/modules/cjs/loader.js:727:14)\n    at Module.require (internal/modules/cjs/loader.js:852:19)\n    at require (internal/modules/cjs/helpers.js:74:18)\n    at Object.<anonymous> (C:\\Users\\James\\repos\\wfd\\api\\src\\core\\app.ts:6:1)\n    at Module._compile (internal/modules/cjs/loader.js:959:30)\n    at Module.m._compile (C:\\Users\\James\\repos\\wfd\\api\\node_modules\\ts-node\\src\\index.ts:1043:23)\n    at Module._extensions..js (internal/modules/cjs/loader.js:995:10)\n    at Object.require.extensions.<computed> [as .ts] (C:\\Users\\James\\repos\\wfd\\api\\node_modules\\ts-node\\src\\index.ts:1046:12)","stack":"TSError: ⨯ Unable to compile TypeScript:\n\u001b[96msrc/core/errorHandler.ts\u001b[0m:\u001b[93m15\u001b[0m:\u001b[93m38\u001b[0m - \u001b[91merror\u001b[0m\u001b[90m TS2304: \u001b[0mCannot find name 'err'.\r\n\r\n\u001b[7m15\u001b[0m     res.status(401).json({ error: `${err.name}: ${err.message}` });\r\n\u001b[7m  \u001b[0m \u001b[91m                                     ~~~\u001b[0m\r\n\u001b[96msrc/core/errorHandler.ts\u001b[0m:\u001b[93m15\u001b[0m:\u001b[93m51\u001b[0m - \u001b[91merror\u001b[0m\u001b[90m TS2304: \u001b[0mCannot find name 'err'.\r\n\r\n\u001b[7m15\u001b[0m     res.status(401).json({ error: `${err.name}: ${err.message}` });\r\n\u001b[7m  \u001b[0m \u001b[91m                                                  ~~~\u001b[0m\r\n\n    at createTSError (C:\\Users\\James\\repos\\wfd\\api\\node_modules\\ts-node\\src\\index.ts:500:12)\n    at reportTSError (C:\\Users\\James\\repos\\wfd\\api\\node_modules\\ts-node\\src\\index.ts:504:19)\n    at getOutput (C:\\Users\\James\\repos\\wfd\\api\\node_modules\\ts-node\\src\\index.ts:739:36)\n    at Object.compile (C:\\Users\\James\\repos\\wfd\\api\\node_modules\\ts-node\\src\\index.ts:955:32)\n    at Module.m._compile (C:\\Users\\James\\repos\\wfd\\api\\node_modules\\ts-node\\src\\index.ts:1043:43)\n    at Module._extensions..js (internal/modules/cjs/loader.js:995:10)\n    at Object.require.extensions.<computed> [as .ts] (C:\\Users\\James\\repos\\wfd\\api\\node_modules\\ts-node\\src\\index.ts:1046:12)\n    at Module.load (internal/modules/cjs/loader.js:815:32)\n    at Function.Module._load (internal/modules/cjs/loader.js:727:14)\n    at Module.require (internal/modules/cjs/loader.js:852:19)\n    at require (internal/modules/cjs/helpers.js:74:18)\n    at Object.<anonymous> (C:\\Users\\James\\repos\\wfd\\api\\src\\core\\app.ts:6:1)\n    at Module._compile (internal/modules/cjs/loader.js:959:30)\n    at Module.m._compile (C:\\Users\\James\\repos\\wfd\\api\\node_modules\\ts-node\\src\\index.ts:1043:23)\n    at Module._extensions..js (internal/modules/cjs/loader.js:995:10)\n    at Object.require.extensions.<computed> [as .ts] (C:\\Users\\James\\repos\\wfd\\api\\node_modules\\ts-node\\src\\index.ts:1046:12)","exception":true,"date":"Tue Nov 24 2020 21:05:05 GMT+1000 (Australian Eastern Standard Time)","process":{"pid":20276,"uid":null,"gid":null,"cwd":"C:\\Users\\James\\repos\\wfd\\api","execPath":"C:\\Program Files\\nodejs\\node.exe","version":"v12.14.0","argv":["C:\\Users\\James\\repos\\wfd\\api\\node_modules\\ts-node\\dist\\bin.js","C:\\Users\\James\\repos\\wfd\\api\\src\\index.ts"],"memoryUsage":{"rss":185823232,"heapTotal":157286400,"heapUsed":133453968,"external":20662848}},"os":{"loadavg":[0,0,0],"uptime":53391},"trace":[{"column":12,"file":"C:\\Users\\James\\repos\\wfd\\api\\node_modules\\ts-node\\src\\index.ts","function":"createTSError","line":500,"method":null,"native":false},{"column":19,"file":"C:\\Users\\James\\repos\\wfd\\api\\node_modules\\ts-node\\src\\index.ts","function":"reportTSError","line":504,"method":null,"native":false},{"column":36,"file":"C:\\Users\\James\\repos\\wfd\\api\\node_modules\\ts-node\\src\\index.ts","function":"getOutput","line":739,"method":null,"native":false},{"column":32,"file":"C:\\Users\\James\\repos\\wfd\\api\\node_modules\\ts-node\\src\\index.ts","function":"Object.compile","line":955,"method":"compile","native":false},{"column":43,"file":"C:\\Users\\James\\repos\\wfd\\api\\node_modules\\ts-node\\src\\index.ts","function":"Module.m._compile","line":1043,"method":"_compile","native":false},{"column":10,"file":"internal/modules/cjs/loader.js","function":"Module._extensions..js","line":995,"method":".js","native":false},{"column":12,"file":"C:\\Users\\James\\repos\\wfd\\api\\node_modules\\ts-node\\src\\index.ts","function":"Object.require.extensions.<computed> [as .ts]","line":1046,"method":"ts]","native":false},{"column":32,"file":"internal/modules/cjs/loader.js","function":"Module.load","line":815,"method":"load","native":false},{"column":14,"file":"internal/modules/cjs/loader.js","function":"Module._load","line":727,"method":"_load","native":false},{"column":19,"file":"internal/modules/cjs/loader.js","function":"Module.require","line":852,"method":"require","native":false},{"column":18,"file":"internal/modules/cjs/helpers.js","function":"require","line":74,"method":null,"native":false},{"column":1,"file":"C:\\Users\\James\\repos\\wfd\\api\\src\\core\\app.ts","function":null,"line":6,"method":null,"native":false},{"column":30,"file":"internal/modules/cjs/loader.js","function":"Module._compile","line":959,"method":"_compile","native":false},{"column":23,"file":"C:\\Users\\James\\repos\\wfd\\api\\node_modules\\ts-node\\src\\index.ts","function":"Module.m._compile","line":1043,"method":"_compile","native":false},{"column":10,"file":"internal/modules/cjs/loader.js","function":"Module._extensions..js","line":995,"method":".js","native":false},{"column":12,"file":"C:\\Users\\James\\repos\\wfd\\api\\node_modules\\ts-node\\src\\index.ts","function":"Object.require.extensions.<computed> [as .ts]","line":1046,"method":"ts]","native":false}]}
{"error":{"diagnosticText":"\u001b[96msrc/core/errorHandler.ts\u001b[0m:\u001b[93m15\u001b[0m:\u001b[93m38\u001b[0m - \u001b[91merror\u001b[0m\u001b[90m TS2304: \u001b[0mCannot find name 'err'.\r\n\r\n\u001b[7m15\u001b[0m     res.status(401).json({ error: `${err.name}: ${err.message}` });\r\n\u001b[7m  \u001b[0m \u001b[91m                                     ~~~\u001b[0m\r\n\u001b[96msrc/core/errorHandler.ts\u001b[0m:\u001b[93m15\u001b[0m:\u001b[93m51\u001b[0m - \u001b[91merror\u001b[0m\u001b[90m TS2304: \u001b[0mCannot find name 'err'.\r\n\r\n\u001b[7m15\u001b[0m     res.status(401).json({ error: `${err.name}: ${err.message}` });\r\n\u001b[7m  \u001b[0m \u001b[91m                                                  ~~~\u001b[0m\r\n","diagnosticCodes":[2304,2304]},"level":"error","message":"uncaughtException: ⨯ Unable to compile TypeScript:\n\u001b[96msrc/core/errorHandler.ts\u001b[0m:\u001b[93m15\u001b[0m:\u001b[93m38\u001b[0m - \u001b[91merror\u001b[0m\u001b[90m TS2304: \u001b[0mCannot find name 'err'.\r\n\r\n\u001b[7m15\u001b[0m     res.status(401).json({ error: `${err.name}: ${err.message}` });\r\n\u001b[7m  \u001b[0m \u001b[91m                                     ~~~\u001b[0m\r\n\u001b[96msrc/core/errorHandler.ts\u001b[0m:\u001b[93m15\u001b[0m:\u001b[93m51\u001b[0m - \u001b[91merror\u001b[0m\u001b[90m TS2304: \u001b[0mCannot find name 'err'.\r\n\r\n\u001b[7m15\u001b[0m     res.status(401).json({ error: `${err.name}: ${err.message}` });\r\n\u001b[7m  \u001b[0m \u001b[91m                                                  ~~~\u001b[0m\r\n\nTSError: ⨯ Unable to compile TypeScript:\n\u001b[96msrc/core/errorHandler.ts\u001b[0m:\u001b[93m15\u001b[0m:\u001b[93m38\u001b[0m - \u001b[91merror\u001b[0m\u001b[90m TS2304: \u001b[0mCannot find name 'err'.\r\n\r\n\u001b[7m15\u001b[0m     res.status(401).json({ error: `${err.name}: ${err.message}` });\r\n\u001b[7m  \u001b[0m \u001b[91m                                     ~~~\u001b[0m\r\n\u001b[96msrc/core/errorHandler.ts\u001b[0m:\u001b[93m15\u001b[0m:\u001b[93m51\u001b[0m - \u001b[91merror\u001b[0m\u001b[90m TS2304: \u001b[0mCannot find name 'err'.\r\n\r\n\u001b[7m15\u001b[0m     res.status(401).json({ error: `${err.name}: ${err.message}` });\r\n\u001b[7m  \u001b[0m \u001b[91m                                                  ~~~\u001b[0m\r\n\n    at createTSError (C:\\Users\\James\\repos\\wfd\\api\\node_modules\\ts-node\\src\\index.ts:500:12)\n    at reportTSError (C:\\Users\\James\\repos\\wfd\\api\\node_modules\\ts-node\\src\\index.ts:504:19)\n    at getOutput (C:\\Users\\James\\repos\\wfd\\api\\node_modules\\ts-node\\src\\index.ts:739:36)\n    at Object.compile (C:\\Users\\James\\repos\\wfd\\api\\node_modules\\ts-node\\src\\index.ts:955:32)\n    at Module.m._compile (C:\\Users\\James\\repos\\wfd\\api\\node_modules\\ts-node\\src\\index.ts:1043:43)\n    at Module._extensions..js (internal/modules/cjs/loader.js:995:10)\n    at Object.require.extensions.<computed> [as .ts] (C:\\Users\\James\\repos\\wfd\\api\\node_modules\\ts-node\\src\\index.ts:1046:12)\n    at Module.load (internal/modules/cjs/loader.js:815:32)\n    at Function.Module._load (internal/modules/cjs/loader.js:727:14)\n    at Module.require (internal/modules/cjs/loader.js:852:19)\n    at require (internal/modules/cjs/helpers.js:74:18)\n    at Object.<anonymous> (C:\\Users\\James\\repos\\wfd\\api\\src\\core\\app.ts:6:1)\n    at Module._compile (internal/modules/cjs/loader.js:959:30)\n    at Module.m._compile (C:\\Users\\James\\repos\\wfd\\api\\node_modules\\ts-node\\src\\index.ts:1043:23)\n    at Module._extensions..js (internal/modules/cjs/loader.js:995:10)\n    at Object.require.extensions.<computed> [as .ts] (C:\\Users\\James\\repos\\wfd\\api\\node_modules\\ts-node\\src\\index.ts:1046:12)","stack":"TSError: ⨯ Unable to compile TypeScript:\n\u001b[96msrc/core/errorHandler.ts\u001b[0m:\u001b[93m15\u001b[0m:\u001b[93m38\u001b[0m - \u001b[91merror\u001b[0m\u001b[90m TS2304: \u001b[0mCannot find name 'err'.\r\n\r\n\u001b[7m15\u001b[0m     res.status(401).json({ error: `${err.name}: ${err.message}` });\r\n\u001b[7m  \u001b[0m \u001b[91m                                     ~~~\u001b[0m\r\n\u001b[96msrc/core/errorHandler.ts\u001b[0m:\u001b[93m15\u001b[0m:\u001b[93m51\u001b[0m - \u001b[91merror\u001b[0m\u001b[90m TS2304: \u001b[0mCannot find name 'err'.\r\n\r\n\u001b[7m15\u001b[0m     res.status(401).json({ error: `${err.name}: ${err.message}` });\r\n\u001b[7m  \u001b[0m \u001b[91m                                                  ~~~\u001b[0m\r\n\n    at createTSError (C:\\Users\\James\\repos\\wfd\\api\\node_modules\\ts-node\\src\\index.ts:500:12)\n    at reportTSError (C:\\Users\\James\\repos\\wfd\\api\\node_modules\\ts-node\\src\\index.ts:504:19)\n    at getOutput (C:\\Users\\James\\repos\\wfd\\api\\node_modules\\ts-node\\src\\index.ts:739:36)\n    at Object.compile (C:\\Users\\James\\repos\\wfd\\api\\node_modules\\ts-node\\src\\index.ts:955:32)\n    at Module.m._compile (C:\\Users\\James\\repos\\wfd\\api\\node_modules\\ts-node\\src\\index.ts:1043:43)\n    at Module._extensions..js (internal/modules/cjs/loader.js:995:10)\n    at Object.require.extensions.<computed> [as .ts] (C:\\Users\\James\\repos\\wfd\\api\\node_modules\\ts-node\\src\\index.ts:1046:12)\n    at Module.load (internal/modules/cjs/loader.js:815:32)\n    at Function.Module._load (internal/modules/cjs/loader.js:727:14)\n    at Module.require (internal/modules/cjs/loader.js:852:19)\n    at require (internal/modules/cjs/helpers.js:74:18)\n    at Object.<anonymous> (C:\\Users\\James\\repos\\wfd\\api\\src\\core\\app.ts:6:1)\n    at Module._compile (internal/modules/cjs/loader.js:959:30)\n    at Module.m._compile (C:\\Users\\James\\repos\\wfd\\api\\node_modules\\ts-node\\src\\index.ts:1043:23)\n    at Module._extensions..js (internal/modules/cjs/loader.js:995:10)\n    at Object.require.extensions.<computed> [as .ts] (C:\\Users\\James\\repos\\wfd\\api\\node_modules\\ts-node\\src\\index.ts:1046:12)","exception":true,"date":"Tue Nov 24 2020 21:06:24 GMT+1000 (Australian Eastern Standard Time)","process":{"pid":20316,"uid":null,"gid":null,"cwd":"C:\\Users\\James\\repos\\wfd\\api","execPath":"C:\\Program Files\\nodejs\\node.exe","version":"v12.14.0","argv":["C:\\Users\\James\\repos\\wfd\\api\\node_modules\\ts-node\\dist\\bin.js","C:\\Users\\James\\repos\\wfd\\api\\src\\index.ts"],"memoryUsage":{"rss":189820928,"heapTotal":157286400,"heapUsed":133125088,"external":20662848}},"os":{"loadavg":[0,0,0],"uptime":53471},"trace":[{"column":12,"file":"C:\\Users\\James\\repos\\wfd\\api\\node_modules\\ts-node\\src\\index.ts","function":"createTSError","line":500,"method":null,"native":false},{"column":19,"file":"C:\\Users\\James\\repos\\wfd\\api\\node_modules\\ts-node\\src\\index.ts","function":"reportTSError","line":504,"method":null,"native":false},{"column":36,"file":"C:\\Users\\James\\repos\\wfd\\api\\node_modules\\ts-node\\src\\index.ts","function":"getOutput","line":739,"method":null,"native":false},{"column":32,"file":"C:\\Users\\James\\repos\\wfd\\api\\node_modules\\ts-node\\src\\index.ts","function":"Object.compile","line":955,"method":"compile","native":false},{"column":43,"file":"C:\\Users\\James\\repos\\wfd\\api\\node_modules\\ts-node\\src\\index.ts","function":"Module.m._compile","line":1043,"method":"_compile","native":false},{"column":10,"file":"internal/modules/cjs/loader.js","function":"Module._extensions..js","line":995,"method":".js","native":false},{"column":12,"file":"C:\\Users\\James\\repos\\wfd\\api\\node_modules\\ts-node\\src\\index.ts","function":"Object.require.extensions.<computed> [as .ts]","line":1046,"method":"ts]","native":false},{"column":32,"file":"internal/modules/cjs/loader.js","function":"Module.load","line":815,"method":"load","native":false},{"column":14,"file":"internal/modules/cjs/loader.js","function":"Module._load","line":727,"method":"_load","native":false},{"column":19,"file":"internal/modules/cjs/loader.js","function":"Module.require","line":852,"method":"require","native":false},{"column":18,"file":"internal/modules/cjs/helpers.js","function":"require","line":74,"method":null,"native":false},{"column":1,"file":"C:\\Users\\James\\repos\\wfd\\api\\src\\core\\app.ts","function":null,"line":6,"method":null,"native":false},{"column":30,"file":"internal/modules/cjs/loader.js","function":"Module._compile","line":959,"method":"_compile","native":false},{"column":23,"file":"C:\\Users\\James\\repos\\wfd\\api\\node_modules\\ts-node\\src\\index.ts","function":"Module.m._compile","line":1043,"method":"_compile","native":false},{"column":10,"file":"internal/modules/cjs/loader.js","function":"Module._extensions..js","line":995,"method":".js","native":false},{"column":12,"file":"C:\\Users\\James\\repos\\wfd\\api\\node_modules\\ts-node\\src\\index.ts","function":"Object.require.extensions.<computed> [as .ts]","line":1046,"method":"ts]","native":false}]}
{"name":"UnauthorizedError","message":"No authorization token was found","code":"credentials_required","status":401,"inner":{"message":"No authorization token was found"},"level":"error"}
{"error":{"diagnosticText":"\u001b[96msrc/controllers/recipeController.ts\u001b[0m:\u001b[93m8\u001b[0m:\u001b[93m19\u001b[0m - \u001b[91merror\u001b[0m\u001b[90m TS2339: \u001b[0mProperty 'user' does not exist on type 'Request<ParamsDictionary, any, any, ParsedQs>'.\r\n\r\n\u001b[7m8\u001b[0m   console.log(req.user);\r\n\u001b[7m \u001b[0m \u001b[91m                  ~~~~\u001b[0m\r\n","diagnosticCodes":[2339]},"level":"error","message":"uncaughtException: ⨯ Unable to compile TypeScript:\n\u001b[96msrc/controllers/recipeController.ts\u001b[0m:\u001b[93m8\u001b[0m:\u001b[93m19\u001b[0m - \u001b[91merror\u001b[0m\u001b[90m TS2339: \u001b[0mProperty 'user' does not exist on type 'Request<ParamsDictionary, any, any, ParsedQs>'.\r\n\r\n\u001b[7m8\u001b[0m   console.log(req.user);\r\n\u001b[7m \u001b[0m \u001b[91m                  ~~~~\u001b[0m\r\n\nTSError: ⨯ Unable to compile TypeScript:\n\u001b[96msrc/controllers/recipeController.ts\u001b[0m:\u001b[93m8\u001b[0m:\u001b[93m19\u001b[0m - \u001b[91merror\u001b[0m\u001b[90m TS2339: \u001b[0mProperty 'user' does not exist on type 'Request<ParamsDictionary, any, any, ParsedQs>'.\r\n\r\n\u001b[7m8\u001b[0m   console.log(req.user);\r\n\u001b[7m \u001b[0m \u001b[91m                  ~~~~\u001b[0m\r\n\n    at createTSError (C:\\Users\\James\\repos\\wfd\\api\\node_modules\\ts-node\\src\\index.ts:500:12)\n    at reportTSError (C:\\Users\\James\\repos\\wfd\\api\\node_modules\\ts-node\\src\\index.ts:504:19)\n    at getOutput (C:\\Users\\James\\repos\\wfd\\api\\node_modules\\ts-node\\src\\index.ts:739:36)\n    at Object.compile (C:\\Users\\James\\repos\\wfd\\api\\node_modules\\ts-node\\src\\index.ts:955:32)\n    at Module.m._compile (C:\\Users\\James\\repos\\wfd\\api\\node_modules\\ts-node\\src\\index.ts:1043:43)\n    at Module._extensions..js (internal/modules/cjs/loader.js:995:10)\n    at Object.require.extensions.<computed> [as .ts] (C:\\Users\\James\\repos\\wfd\\api\\node_modules\\ts-node\\src\\index.ts:1046:12)\n    at Module.load (internal/modules/cjs/loader.js:815:32)\n    at Function.Module._load (internal/modules/cjs/loader.js:727:14)\n    at Module.require (internal/modules/cjs/loader.js:852:19)\n    at require (internal/modules/cjs/helpers.js:74:18)\n    at Object.<anonymous> (C:\\Users\\James\\repos\\wfd\\api\\src\\routes\\v1\\recipeRoutes.ts:6:1)\n    at Module._compile (internal/modules/cjs/loader.js:959:30)\n    at Module.m._compile (C:\\Users\\James\\repos\\wfd\\api\\node_modules\\ts-node\\src\\index.ts:1043:23)\n    at Module._extensions..js (internal/modules/cjs/loader.js:995:10)\n    at Object.require.extensions.<computed> [as .ts] (C:\\Users\\James\\repos\\wfd\\api\\node_modules\\ts-node\\src\\index.ts:1046:12)","stack":"TSError: ⨯ Unable to compile TypeScript:\n\u001b[96msrc/controllers/recipeController.ts\u001b[0m:\u001b[93m8\u001b[0m:\u001b[93m19\u001b[0m - \u001b[91merror\u001b[0m\u001b[90m TS2339: \u001b[0mProperty 'user' does not exist on type 'Request<ParamsDictionary, any, any, ParsedQs>'.\r\n\r\n\u001b[7m8\u001b[0m   console.log(req.user);\r\n\u001b[7m \u001b[0m \u001b[91m                  ~~~~\u001b[0m\r\n\n    at createTSError (C:\\Users\\James\\repos\\wfd\\api\\node_modules\\ts-node\\src\\index.ts:500:12)\n    at reportTSError (C:\\Users\\James\\repos\\wfd\\api\\node_modules\\ts-node\\src\\index.ts:504:19)\n    at getOutput (C:\\Users\\James\\repos\\wfd\\api\\node_modules\\ts-node\\src\\index.ts:739:36)\n    at Object.compile (C:\\Users\\James\\repos\\wfd\\api\\node_modules\\ts-node\\src\\index.ts:955:32)\n    at Module.m._compile (C:\\Users\\James\\repos\\wfd\\api\\node_modules\\ts-node\\src\\index.ts:1043:43)\n    at Module._extensions..js (internal/modules/cjs/loader.js:995:10)\n    at Object.require.extensions.<computed> [as .ts] (C:\\Users\\James\\repos\\wfd\\api\\node_modules\\ts-node\\src\\index.ts:1046:12)\n    at Module.load (internal/modules/cjs/loader.js:815:32)\n    at Function.Module._load (internal/modules/cjs/loader.js:727:14)\n    at Module.require (internal/modules/cjs/loader.js:852:19)\n    at require (internal/modules/cjs/helpers.js:74:18)\n    at Object.<anonymous> (C:\\Users\\James\\repos\\wfd\\api\\src\\routes\\v1\\recipeRoutes.ts:6:1)\n    at Module._compile (internal/modules/cjs/loader.js:959:30)\n    at Module.m._compile (C:\\Users\\James\\repos\\wfd\\api\\node_modules\\ts-node\\src\\index.ts:1043:23)\n    at Module._extensions..js (internal/modules/cjs/loader.js:995:10)\n    at Object.require.extensions.<computed> [as .ts] (C:\\Users\\James\\repos\\wfd\\api\\node_modules\\ts-node\\src\\index.ts:1046:12)","exception":true,"date":"Tue Nov 24 2020 22:26:25 GMT+1000 (Australian Eastern Standard Time)","process":{"pid":11568,"uid":null,"gid":null,"cwd":"C:\\Users\\James\\repos\\wfd\\api","execPath":"C:\\Program Files\\nodejs\\node.exe","version":"v12.14.0","argv":["C:\\Users\\James\\repos\\wfd\\api\\node_modules\\ts-node\\dist\\bin.js","C:\\Users\\James\\repos\\wfd\\api\\src\\index.ts"],"memoryUsage":{"rss":192421888,"heapTotal":163950592,"heapUsed":142556152,"external":20344099}},"os":{"loadavg":[0,0,0],"uptime":58271},"trace":[{"column":12,"file":"C:\\Users\\James\\repos\\wfd\\api\\node_modules\\ts-node\\src\\index.ts","function":"createTSError","line":500,"method":null,"native":false},{"column":19,"file":"C:\\Users\\James\\repos\\wfd\\api\\node_modules\\ts-node\\src\\index.ts","function":"reportTSError","line":504,"method":null,"native":false},{"column":36,"file":"C:\\Users\\James\\repos\\wfd\\api\\node_modules\\ts-node\\src\\index.ts","function":"getOutput","line":739,"method":null,"native":false},{"column":32,"file":"C:\\Users\\James\\repos\\wfd\\api\\node_modules\\ts-node\\src\\index.ts","function":"Object.compile","line":955,"method":"compile","native":false},{"column":43,"file":"C:\\Users\\James\\repos\\wfd\\api\\node_modules\\ts-node\\src\\index.ts","function":"Module.m._compile","line":1043,"method":"_compile","native":false},{"column":10,"file":"internal/modules/cjs/loader.js","function":"Module._extensions..js","line":995,"method":".js","native":false},{"column":12,"file":"C:\\Users\\James\\repos\\wfd\\api\\node_modules\\ts-node\\src\\index.ts","function":"Object.require.extensions.<computed> [as .ts]","line":1046,"method":"ts]","native":false},{"column":32,"file":"internal/modules/cjs/loader.js","function":"Module.load","line":815,"method":"load","native":false},{"column":14,"file":"internal/modules/cjs/loader.js","function":"Module._load","line":727,"method":"_load","native":false},{"column":19,"file":"internal/modules/cjs/loader.js","function":"Module.require","line":852,"method":"require","native":false},{"column":18,"file":"internal/modules/cjs/helpers.js","function":"require","line":74,"method":null,"native":false},{"column":1,"file":"C:\\Users\\James\\repos\\wfd\\api\\src\\routes\\v1\\recipeRoutes.ts","function":null,"line":6,"method":null,"native":false},{"column":30,"file":"internal/modules/cjs/loader.js","function":"Module._compile","line":959,"method":"_compile","native":false},{"column":23,"file":"C:\\Users\\James\\repos\\wfd\\api\\node_modules\\ts-node\\src\\index.ts","function":"Module.m._compile","line":1043,"method":"_compile","native":false},{"column":10,"file":"internal/modules/cjs/loader.js","function":"Module._extensions..js","line":995,"method":".js","native":false},{"column":12,"file":"C:\\Users\\James\\repos\\wfd\\api\\node_modules\\ts-node\\src\\index.ts","function":"Object.require.extensions.<computed> [as .ts]","line":1046,"method":"ts]","native":false}]}
{"name":"UnauthorizedError","message":"No authorization token was found","code":"credentials_required","status":401,"inner":{"message":"No authorization token was found"},"level":"error"}
{"name":"","status":422,"code":"core/unprocessable-entity","errors":{"time":["\"time\" is required"]},"message":"There was something wrong with your request","level":"error"}
